<?xml version="1.0" encoding="UTF-8"?>
<!-- Generated by org.testng.reporters.JUnitXMLReporter -->
<testsuite ignored="0" hostname="ADil" failures="0" tests="4" name="Master Test Automation Suite" time="3.651" errors="0" timestamp="2024-03-05T21:37:26 IST">
  <testcase classname="Test_Class.Post_TC1" name="Executor" time="0.838"/>
  <testcase classname="Test_Class.Post_TC2" name="Executor" time="0.832"/>
  <testcase classname="Test_Class.Post_TC3_DD" name="Executor" time="1.08"/>
  <testcase classname="Test_Class.Post_TC4_DD" name="Executor" time="0.894"/>
</testsuite> <!-- Master Test Automation Suite -->
