<?xml version="1.0" encoding="UTF-8"?>
<!-- Generated by org.testng.reporters.JUnitXMLReporter -->
<testsuite ignored="0" hostname="ADil" failures="0" tests="4" name="Master Test Automation Suite" time="9.242" errors="0" timestamp="2024-03-05T21:36:38 IST">
  <testcase classname="Test_Class.Post_TC1" name="Executor" time="5.316"/>
  <testcase classname="Test_Class.Post_TC2" name="Executor" time="0.912"/>
  <testcase classname="Test_Class.Post_TC3_DD" name="Executor" time="1.968"/>
  <testcase classname="Test_Class.Post_TC4_DD" name="Executor" time="0.935"/>
</testsuite> <!-- Master Test Automation Suite -->
