<?xml version="1.0" encoding="UTF-8"?>
<!-- Generated by org.testng.reporters.JUnitXMLReporter -->
<testsuite ignored="0" hostname="ADil" failures="0" tests="34" name="Parallel Test Execution" time="14.829" errors="0" timestamp="2024-03-07T02:04:33 IST">
  <testcase classname="Test_Packages.Post_TC3" name="Executor" time="5.602"/>
  <testcase classname="Test_Packages.Post_TC1" name="Executor" time="5.66"/>
  <testcase classname="Test_Packages.Put_TC1" name="Executor" time="5.696"/>
  <testcase classname="Test_Packages.Post_TC4" name="Executor" time="5.745"/>
  <testcase classname="Test_Packages.Post_TC2" name="Executor" time="5.78"/>
  <testcase classname="Test_Packages.Put_TC4" name="Executor" time="1.195"/>
  <testcase classname="Test_Packages.Put_TC2" name="Executor" time="1.311"/>
  <testcase classname="Test_Packages.Patch_TC2" name="Executor" time="1.32"/>
  <testcase classname="Test_Packages.Put_TC3" name="Executor" time="1.46"/>
  <testcase classname="Test_Packages.Patch_TC1" name="Executor" time="1.496"/>
  <testcase classname="Test_Packages.Get_TC_list" name="Executor" time="0.717"/>
  <testcase classname="Test_Packages.Get_TC_Single_User" name="Executor" time="0.861"/>
  <testcase classname="Test_Packages.Patch_TC3" name="Executor" time="1.23"/>
  <testcase classname="Test_Packages.Get_TC1" name="Executor" time="0.91"/>
  <testcase classname="Test_Packages.Patch_TC4" name="Executor" time="1.438"/>
  <testcase classname="Test_Packages.Get_TC2" name="Executor" time="1.084"/>
  <testcase classname="Test_Packages.Get_TC3" name="Executor" time="1.186"/>
  <testcase classname="Test_Packages.Get_TC4" name="Executor" time="1.033"/>
  <testcase classname="Test_Packages.Get_TC5" name="Executor" time="1.081"/>
  <testcase classname="Test_Packages.DD_Post_TC1" name="Executor" time="3.142"/>
  <testcase classname="Test_Packages.DD_Post_TC3" name="Executor" time="2.224"/>
  <testcase classname="Test_Packages.DD_Post_TC2" name="Executor" time="2.526"/>
  <testcase classname="Test_Packages.DD_Post_TC4" name="Executor" time="2.224"/>
  <testcase classname="Test_Packages.DD_Put_TC1" name="Executor" time="2.142"/>
  <testcase classname="Test_Packages.Post_TC6_Data_Provider" name="Executor" time="0.948"/>
  <testcase classname="Test_Packages.Post_TC5_Data_Provider" name="Executor" time="1.14"/>
  <testcase classname="Test_Packages.DD_Put_TC2" name="Executor" time="1.256"/>
  <testcase classname="Test_Packages.DD_Put_TC3" name="Executor" time="1.286"/>
  <testcase classname="Test_Packages.DD_Put_TC4" name="Executor" time="1.356"/>
  <testcase classname="Test_Packages.Delete_TC" name="Executor" time="0.521"/>
  <testcase classname="Test_Packages.Post_TC6_Data_Provider" name="Executor" time="0.858"/>
  <testcase classname="Test_Packages.Post_TC5_Data_Provider" name="Executor" time="0.959"/>
  <testcase classname="Test_Packages.Post_TC6_Data_Provider" name="Executor" time="0.844"/>
  <testcase classname="Test_Packages.Post_TC5_Data_Provider" name="Executor" time="0.803"/>
</testsuite> <!-- Parallel Test Execution -->
