<?xml version="1.0" encoding="UTF-8"?>
<!-- Generated by org.testng.reporters.JUnitXMLReporter -->
<testsuite ignored="0" hostname="ADil" failures="0" tests="34" name="Test Master Suit" time="31.816" errors="0" timestamp="2024-03-07T16:33:36 IST">
  <testcase classname="Test_Packages.Post_TC1" name="Executor" time="4.89"/>
  <testcase classname="Test_Packages.Post_TC2" name="Executor" time="0.961"/>
  <testcase classname="Test_Packages.Post_TC3" name="Executor" time="0.957"/>
  <testcase classname="Test_Packages.Post_TC4" name="Executor" time="0.887"/>
  <testcase classname="Test_Packages.Put_TC1" name="Executor" time="0.862"/>
  <testcase classname="Test_Packages.Put_TC2" name="Executor" time="0.889"/>
  <testcase classname="Test_Packages.Put_TC3" name="Executor" time="0.922"/>
  <testcase classname="Test_Packages.Put_TC4" name="Executor" time="0.826"/>
  <testcase classname="Test_Packages.Patch_TC1" name="Executor" time="0.891"/>
  <testcase classname="Test_Packages.Patch_TC2" name="Executor" time="0.874"/>
  <testcase classname="Test_Packages.Patch_TC3" name="Executor" time="0.842"/>
  <testcase classname="Test_Packages.Patch_TC4" name="Executor" time="0.773"/>
  <testcase classname="Test_Packages.Get_TC_Single_User" name="Executor" time="0.238"/>
  <testcase classname="Test_Packages.Get_TC_list" name="Executor" time="0.331"/>
  <testcase classname="Test_Packages.Get_TC1" name="Executor" time="0.433"/>
  <testcase classname="Test_Packages.Get_TC2" name="Executor" time="0.357"/>
  <testcase classname="Test_Packages.Get_TC3" name="Executor" time="0.355"/>
  <testcase classname="Test_Packages.Get_TC4" name="Executor" time="0.322"/>
  <testcase classname="Test_Packages.Get_TC5" name="Executor" time="0.257"/>
  <testcase classname="Test_Packages.DD_Post_TC1" name="Executor" time="2.103"/>
  <testcase classname="Test_Packages.DD_Post_TC2" name="Executor" time="0.961"/>
  <testcase classname="Test_Packages.DD_Post_TC3" name="Executor" time="0.964"/>
  <testcase classname="Test_Packages.DD_Post_TC4" name="Executor" time="0.875"/>
  <testcase classname="Test_Packages.DD_Put_TC1" name="Executor" time="0.889"/>
  <testcase classname="Test_Packages.DD_Put_TC2" name="Executor" time="0.835"/>
  <testcase classname="Test_Packages.DD_Put_TC3" name="Executor" time="0.931"/>
  <testcase classname="Test_Packages.DD_Put_TC4" name="Executor" time="0.865"/>
  <testcase classname="Test_Packages.Post_TC5_Data_Provider" name="Executor" time="0.83"/>
  <testcase classname="Test_Packages.Post_TC5_Data_Provider" name="Executor" time="0.8"/>
  <testcase classname="Test_Packages.Post_TC5_Data_Provider" name="Executor" time="0.855"/>
  <testcase classname="Test_Packages.Post_TC6_Data_Provider" name="Executor" time="0.811"/>
  <testcase classname="Test_Packages.Post_TC6_Data_Provider" name="Executor" time="0.816"/>
  <testcase classname="Test_Packages.Post_TC6_Data_Provider" name="Executor" time="0.733"/>
  <testcase classname="Test_Packages.Delete_TC" name="Executor" time="0.388"/>
</testsuite> <!-- Test Master Suit -->
