<?xml version="1.0" encoding="UTF-8"?>
<!-- Generated by org.testng.reporters.JUnitXMLReporter -->
<testsuite ignored="0" hostname="ADil" failures="0" tests="34" name="Test" time="30.89" errors="0" timestamp="2024-03-07T02:28:55 IST">
  <testcase classname="Test_Packages.Post_TC1" name="Executor" time="5.185"/>
  <testcase classname="Test_Packages.Post_TC2" name="Executor" time="0.909"/>
  <testcase classname="Test_Packages.Post_TC3" name="Executor" time="0.844"/>
  <testcase classname="Test_Packages.Post_TC4" name="Executor" time="0.896"/>
  <testcase classname="Test_Packages.Put_TC1" name="Executor" time="0.867"/>
  <testcase classname="Test_Packages.Put_TC2" name="Executor" time="0.846"/>
  <testcase classname="Test_Packages.Put_TC3" name="Executor" time="0.846"/>
  <testcase classname="Test_Packages.Put_TC4" name="Executor" time="0.818"/>
  <testcase classname="Test_Packages.Patch_TC1" name="Executor" time="0.811"/>
  <testcase classname="Test_Packages.Patch_TC2" name="Executor" time="0.861"/>
  <testcase classname="Test_Packages.Patch_TC3" name="Executor" time="0.823"/>
  <testcase classname="Test_Packages.Patch_TC4" name="Executor" time="0.801"/>
  <testcase classname="Test_Packages.Get_TC_Single_User" name="Executor" time="0.29"/>
  <testcase classname="Test_Packages.Get_TC_list" name="Executor" time="0.325"/>
  <testcase classname="Test_Packages.Get_TC1" name="Executor" time="0.393"/>
  <testcase classname="Test_Packages.Get_TC2" name="Executor" time="0.373"/>
  <testcase classname="Test_Packages.Get_TC3" name="Executor" time="0.322"/>
  <testcase classname="Test_Packages.Get_TC4" name="Executor" time="0.31"/>
  <testcase classname="Test_Packages.Get_TC5" name="Executor" time="0.253"/>
  <testcase classname="Test_Packages.DD_Post_TC1" name="Executor" time="2.023"/>
  <testcase classname="Test_Packages.DD_Post_TC2" name="Executor" time="0.923"/>
  <testcase classname="Test_Packages.DD_Post_TC3" name="Executor" time="0.948"/>
  <testcase classname="Test_Packages.DD_Post_TC4" name="Executor" time="0.867"/>
  <testcase classname="Test_Packages.DD_Put_TC1" name="Executor" time="0.922"/>
  <testcase classname="Test_Packages.DD_Put_TC2" name="Executor" time="0.803"/>
  <testcase classname="Test_Packages.DD_Put_TC3" name="Executor" time="0.869"/>
  <testcase classname="Test_Packages.DD_Put_TC4" name="Executor" time="0.785"/>
  <testcase classname="Test_Packages.Post_TC5_Data_Provider" name="Executor" time="0.787"/>
  <testcase classname="Test_Packages.Post_TC5_Data_Provider" name="Executor" time="0.811"/>
  <testcase classname="Test_Packages.Post_TC5_Data_Provider" name="Executor" time="0.779"/>
  <testcase classname="Test_Packages.Post_TC6_Data_Provider" name="Executor" time="0.745"/>
  <testcase classname="Test_Packages.Post_TC6_Data_Provider" name="Executor" time="0.836"/>
  <testcase classname="Test_Packages.Post_TC6_Data_Provider" name="Executor" time="0.808"/>
  <testcase classname="Test_Packages.Delete_TC" name="Executor" time="0.455"/>
</testsuite> <!-- Test -->
