<?xml version="1.0" encoding="UTF-8"?>
<!-- Generated by org.testng.reporters.JUnitXMLReporter -->
<testsuite ignored="0" hostname="ADil" failures="0" tests="34" name="Parallel Test Execution" time="16.089" errors="0" timestamp="2024-03-07T02:07:31 IST">
  <testcase classname="Test_Packages.Post_TC3" name="Executor" time="6.16"/>
  <testcase classname="Test_Packages.Put_TC1" name="Executor" time="6.156"/>
  <testcase classname="Test_Packages.Post_TC1" name="Executor" time="6.157"/>
  <testcase classname="Test_Packages.Post_TC4" name="Executor" time="6.156"/>
  <testcase classname="Test_Packages.Post_TC2" name="Executor" time="6.233"/>
  <testcase classname="Test_Packages.Put_TC4" name="Executor" time="1.378"/>
  <testcase classname="Test_Packages.Patch_TC2" name="Executor" time="1.476"/>
  <testcase classname="Test_Packages.Put_TC2" name="Executor" time="1.62"/>
  <testcase classname="Test_Packages.Put_TC3" name="Executor" time="1.632"/>
  <testcase classname="Test_Packages.Patch_TC1" name="Executor" time="1.751"/>
  <testcase classname="Test_Packages.Get_TC_Single_User" name="Executor" time="0.775"/>
  <testcase classname="Test_Packages.Get_TC_list" name="Executor" time="0.797"/>
  <testcase classname="Test_Packages.Get_TC1" name="Executor" time="0.777"/>
  <testcase classname="Test_Packages.Patch_TC3" name="Executor" time="1.734"/>
  <testcase classname="Test_Packages.Get_TC3" name="Executor" time="0.863"/>
  <testcase classname="Test_Packages.Get_TC2" name="Executor" time="0.909"/>
  <testcase classname="Test_Packages.Patch_TC4" name="Executor" time="1.818"/>
  <testcase classname="Test_Packages.Get_TC4" name="Executor" time="0.9"/>
  <testcase classname="Test_Packages.Get_TC5" name="Executor" time="0.488"/>
  <testcase classname="Test_Packages.DD_Post_TC4" name="Executor" time="2.718"/>
  <testcase classname="Test_Packages.DD_Post_TC1" name="Executor" time="2.968"/>
  <testcase classname="Test_Packages.DD_Post_TC2" name="Executor" time="3.094"/>
  <testcase classname="Test_Packages.DD_Post_TC3" name="Executor" time="3.055"/>
  <testcase classname="Test_Packages.DD_Put_TC1" name="Executor" time="2.696"/>
  <testcase classname="Test_Packages.DD_Put_TC2" name="Executor" time="1.468"/>
  <testcase classname="Test_Packages.Post_TC6_Data_Provider" name="Executor" time="1.161"/>
  <testcase classname="Test_Packages.DD_Put_TC3" name="Executor" time="1.392"/>
  <testcase classname="Test_Packages.Post_TC5_Data_Provider" name="Executor" time="1.258"/>
  <testcase classname="Test_Packages.DD_Put_TC4" name="Executor" time="1.381"/>
  <testcase classname="Test_Packages.Delete_TC" name="Executor" time="0.531"/>
  <testcase classname="Test_Packages.Post_TC6_Data_Provider" name="Executor" time="0.978"/>
  <testcase classname="Test_Packages.Post_TC5_Data_Provider" name="Executor" time="0.987"/>
  <testcase classname="Test_Packages.Post_TC6_Data_Provider" name="Executor" time="0.841"/>
  <testcase classname="Test_Packages.Post_TC5_Data_Provider" name="Executor" time="0.869"/>
</testsuite> <!-- Parallel Test Execution -->
