<?xml version="1.0" encoding="UTF-8"?>
<!-- Generated by org.testng.reporters.JUnitXMLReporter -->
<testsuite ignored="0" hostname="ADil" failures="0" tests="4" name="Test" time="8.75" errors="0" timestamp="2024-03-05T21:27:28 IST">
  <testcase classname="Test_Class.Post_TC1" name="Executor" time="4.571"/>
  <testcase classname="Test_Class.Post_TC2" name="Executor" time="1.047"/>
  <testcase classname="Test_Class.Post_TC3_DD" name="Executor" time="1.966"/>
  <testcase classname="Test_Class.Post_TC4_DD" name="Executor" time="1.088"/>
</testsuite> <!-- Test -->
