<?xml version="1.0" encoding="UTF-8"?>
<testsuite xmlns:xsi="http://www.w3.org/2001/XMLSchema-instance" xsi:noNamespaceSchemaLocation="https://maven.apache.org/surefire/maven-surefire-plugin/xsd/surefire-test-report-3.0.xsd" version="3.0" name="TestSuite" time="18.29" tests="34" errors="0" skipped="0" failures="0">
  <properties>
[...]
</properties>
  <testcase name="Executor" classname="Test_Packages.Post_TC3" time="6.042">
    <system-out><![CDATA[C:\Users\admin\OneDrive\Desktop\Eclipse-Rest Assured\Final-RestAssured_TestNG_FrameWork\API_Logs\DD_Post_TC1 : -------- Existong Directorry Deleted -----
C:\Users\admin\OneDrive\Desktop\Eclipse-Rest Assured\Final-RestAssured_TestNG_FrameWork\API_Logs\DD_Post_TC1 : -------- New Directorry Created -----
C:\Users\admin\OneDrive\Desktop\Eclipse-Rest Assured\Final-RestAssured_TestNG_FrameWork\API_Logs\DD_Post_TC2 : -------- Existong Directorry Deleted -----
C:\Users\admin\OneDrive\Desktop\Eclipse-Rest Assured\Final-RestAssured_TestNG_FrameWork\API_Logs\DD_Post_TC2 : -------- New Directorry Created -----
C:\Users\admin\OneDrive\Desktop\Eclipse-Rest Assured\Final-RestAssured_TestNG_FrameWork\API_Logs\DD_Post_TC3 : -------- Existong Directorry Deleted -----
C:\Users\admin\OneDrive\Desktop\Eclipse-Rest Assured\Final-RestAssured_TestNG_FrameWork\API_Logs\DD_Post_TC3 : -------- New Directorry Created -----
C:\Users\admin\OneDrive\Desktop\Eclipse-Rest Assured\Final-RestAssured_TestNG_FrameWork\API_Logs\DD_Post_TC4 : -------- Existong Directorry Deleted -----
C:\Users\admin\OneDrive\Desktop\Eclipse-Rest Assured\Final-RestAssured_TestNG_FrameWork\API_Logs\DD_Post_TC4 : -------- New Directorry Created -----
C:\Users\admin\OneDrive\Desktop\Eclipse-Rest Assured\Final-RestAssured_TestNG_FrameWork\API_Logs\DD_Put_TC1 : -------- Existong Directorry Deleted -----
C:\Users\admin\OneDrive\Desktop\Eclipse-Rest Assured\Final-RestAssured_TestNG_FrameWork\API_Logs\DD_Put_TC1 : -------- New Directorry Created -----
C:\Users\admin\OneDrive\Desktop\Eclipse-Rest Assured\Final-RestAssured_TestNG_FrameWork\API_Logs\DD_Put_TC2 : -------- Existong Directorry Deleted -----
C:\Users\admin\OneDrive\Desktop\Eclipse-Rest Assured\Final-RestAssured_TestNG_FrameWork\API_Logs\DD_Put_TC2 : -------- New Directorry Created -----
C:\Users\admin\OneDrive\Desktop\Eclipse-Rest Assured\Final-RestAssured_TestNG_FrameWork\API_Logs\DD_Put_TC3 : -------- Existong Directorry Deleted -----
C:\Users\admin\OneDrive\Desktop\Eclipse-Rest Assured\Final-RestAssured_TestNG_FrameWork\API_Logs\DD_Put_TC3 : -------- New Directorry Created -----
C:\Users\admin\OneDrive\Desktop\Eclipse-Rest Assured\Final-RestAssured_TestNG_FrameWork\API_Logs\DD_Put_TC4 : -------- Existong Directorry Deleted -----
C:\Users\admin\OneDrive\Desktop\Eclipse-Rest Assured\Final-RestAssured_TestNG_FrameWork\API_Logs\DD_Put_TC4 : -------- New Directorry Created -----
C:\Users\admin\OneDrive\Desktop\Eclipse-Rest Assured\Final-RestAssured_TestNG_FrameWork\API_Logs\Delete_TC : -------- Existong Directorry Deleted -----
C:\Users\admin\OneDrive\Desktop\Eclipse-Rest Assured\Final-RestAssured_TestNG_FrameWork\API_Logs\Delete_TC : -------- New Directorry Created -----
C:\Users\admin\OneDrive\Desktop\Eclipse-Rest Assured\Final-RestAssured_TestNG_FrameWork\API_Logs\Get_TC_List_User : -------- Existong Directorry Deleted -----
C:\Users\admin\OneDrive\Desktop\Eclipse-Rest Assured\Final-RestAssured_TestNG_FrameWork\API_Logs\Get_TC_List_User : -------- New Directorry Created -----
C:\Users\admin\OneDrive\Desktop\Eclipse-Rest Assured\Final-RestAssured_TestNG_FrameWork\API_Logs\Get_TC2 : -------- Existong Directorry Deleted -----
C:\Users\admin\OneDrive\Desktop\Eclipse-Rest Assured\Final-RestAssured_TestNG_FrameWork\API_Logs\Get_TC2 : -------- New Directorry Created -----
C:\Users\admin\OneDrive\Desktop\Eclipse-Rest Assured\Final-RestAssured_TestNG_FrameWork\API_Logs\Get_TC3 : -------- Existong Directorry Deleted -----
C:\Users\admin\OneDrive\Desktop\Eclipse-Rest Assured\Final-RestAssured_TestNG_FrameWork\API_Logs\Get_TC3 : -------- New Directorry Created -----
C:\Users\admin\OneDrive\Desktop\Eclipse-Rest Assured\Final-RestAssured_TestNG_FrameWork\API_Logs\Get_TC4 : -------- Existong Directorry Deleted -----
C:\Users\admin\OneDrive\Desktop\Eclipse-Rest Assured\Final-RestAssured_TestNG_FrameWork\API_Logs\Get_TC4 : -------- New Directorry Created -----
C:\Users\admin\OneDrive\Desktop\Eclipse-Rest Assured\Final-RestAssured_TestNG_FrameWork\API_Logs\Get_TC5 : -------- Existong Directorry Deleted -----
C:\Users\admin\OneDrive\Desktop\Eclipse-Rest Assured\Final-RestAssured_TestNG_FrameWork\API_Logs\Get_TC5 : -------- New Directorry Created -----
C:\Users\admin\OneDrive\Desktop\Eclipse-Rest Assured\Final-RestAssured_TestNG_FrameWork\API_Logs\Get_TC_Single_User : -------- Existong Directorry Deleted -----
C:\Users\admin\OneDrive\Desktop\Eclipse-Rest Assured\Final-RestAssured_TestNG_FrameWork\API_Logs\Get_TC_Single_User : -------- New Directorry Created -----
C:\Users\admin\OneDrive\Desktop\Eclipse-Rest Assured\Final-RestAssured_TestNG_FrameWork\API_Logs\Get_TC_List_User : -------- Existong Directorry Deleted -----
C:\Users\admin\OneDrive\Desktop\Eclipse-Rest Assured\Final-RestAssured_TestNG_FrameWork\API_Logs\Get_TC_List_User : -------- New Directorry Created -----
C:\Users\admin\OneDrive\Desktop\Eclipse-Rest Assured\Final-RestAssured_TestNG_FrameWork\API_Logs\Patch_TC1 : -------- Existong Directorry Deleted -----
C:\Users\admin\OneDrive\Desktop\Eclipse-Rest Assured\Final-RestAssured_TestNG_FrameWork\API_Logs\Patch_TC1 : -------- New Directorry Created -----
C:\Users\admin\OneDrive\Desktop\Eclipse-Rest Assured\Final-RestAssured_TestNG_FrameWork\API_Logs\Patch_TC2 : -------- Existong Directorry Deleted -----
C:\Users\admin\OneDrive\Desktop\Eclipse-Rest Assured\Final-RestAssured_TestNG_FrameWork\API_Logs\Patch_TC2 : -------- New Directorry Created -----
C:\Users\admin\OneDrive\Desktop\Eclipse-Rest Assured\Final-RestAssured_TestNG_FrameWork\API_Logs\Patch_TC3 : -------- Existong Directorry Deleted -----
C:\Users\admin\OneDrive\Desktop\Eclipse-Rest Assured\Final-RestAssured_TestNG_FrameWork\API_Logs\Patch_TC3 : -------- New Directorry Created -----
C:\Users\admin\OneDrive\Desktop\Eclipse-Rest Assured\Final-RestAssured_TestNG_FrameWork\API_Logs\Patch_TC4 : -------- Existong Directorry Deleted -----
C:\Users\admin\OneDrive\Desktop\Eclipse-Rest Assured\Final-RestAssured_TestNG_FrameWork\API_Logs\Patch_TC4 : -------- New Directorry Created -----
C:\Users\admin\OneDrive\Desktop\Eclipse-Rest Assured\Final-RestAssured_TestNG_FrameWork\API_Logs\Post_TC1 : -------- Existong Directorry Deleted -----
C:\Users\admin\OneDrive\Desktop\Eclipse-Rest Assured\Final-RestAssured_TestNG_FrameWork\API_Logs\Post_TC1 : -------- New Directorry Created -----
C:\Users\admin\OneDrive\Desktop\Eclipse-Rest Assured\Final-RestAssured_TestNG_FrameWork\API_Logs\Post_TC2 : -------- Existong Directorry Deleted -----
C:\Users\admin\OneDrive\Desktop\Eclipse-Rest Assured\Final-RestAssured_TestNG_FrameWork\API_Logs\Post_TC2 : -------- New Directorry Created -----
C:\Users\admin\OneDrive\Desktop\Eclipse-Rest Assured\Final-RestAssured_TestNG_FrameWork\API_Logs\Post_TC3 : -------- Existong Directorry Deleted -----
C:\Users\admin\OneDrive\Desktop\Eclipse-Rest Assured\Final-RestAssured_TestNG_FrameWork\API_Logs\Post_TC3 : -------- New Directorry Created -----
C:\Users\admin\OneDrive\Desktop\Eclipse-Rest Assured\Final-RestAssured_TestNG_FrameWork\API_Logs\Post_TC4 : -------- Existong Directorry Deleted -----
C:\Users\admin\OneDrive\Desktop\Eclipse-Rest Assured\Final-RestAssured_TestNG_FrameWork\API_Logs\Post_TC4 : -------- New Directorry Created -----
C:\Users\admin\OneDrive\Desktop\Eclipse-Rest Assured\Final-RestAssured_TestNG_FrameWork\API_Logs\Data_Provider_1 : -------- Existong Directorry Deleted -----
C:\Users\admin\OneDrive\Desktop\Eclipse-Rest Assured\Final-RestAssured_TestNG_FrameWork\API_Logs\Data_Provider_1 : -------- New Directorry Created -----
C:\Users\admin\OneDrive\Desktop\Eclipse-Rest Assured\Final-RestAssured_TestNG_FrameWork\API_Logs\Data_Provider_2 : -------- Existong Directorry Deleted -----
C:\Users\admin\OneDrive\Desktop\Eclipse-Rest Assured\Final-RestAssured_TestNG_FrameWork\API_Logs\Data_Provider_2 : -------- New Directorry Created -----
C:\Users\admin\OneDrive\Desktop\Eclipse-Rest Assured\Final-RestAssured_TestNG_FrameWork\API_Logs\Put_TC1 : -------- Existong Directorry Deleted -----
C:\Users\admin\OneDrive\Desktop\Eclipse-Rest Assured\Final-RestAssured_TestNG_FrameWork\API_Logs\Put_TC1 : -------- New Directorry Created -----
C:\Users\admin\OneDrive\Desktop\Eclipse-Rest Assured\Final-RestAssured_TestNG_FrameWork\API_Logs\Put_TC2 : -------- Existong Directorry Deleted -----
C:\Users\admin\OneDrive\Desktop\Eclipse-Rest Assured\Final-RestAssured_TestNG_FrameWork\API_Logs\Put_TC2 : -------- New Directorry Created -----
C:\Users\admin\OneDrive\Desktop\Eclipse-Rest Assured\Final-RestAssured_TestNG_FrameWork\API_Logs\Put_TC3 : -------- Existong Directorry Deleted -----
C:\Users\admin\OneDrive\Desktop\Eclipse-Rest Assured\Final-RestAssured_TestNG_FrameWork\API_Logs\Put_TC3 : -------- New Directorry Created -----
C:\Users\admin\OneDrive\Desktop\Eclipse-Rest Assured\Final-RestAssured_TestNG_FrameWork\API_Logs\Put_TC4 : -------- Existong Directorry Deleted -----
C:\Users\admin\OneDrive\Desktop\Eclipse-Rest Assured\Final-RestAssured_TestNG_FrameWork\API_Logs\Put_TC4 : -------- New Directorry Created -----
Status Code : 201
Status Code : 201
Status Code : 200
Status Code : 201
Status Code : 201
## Test Completed 


## Test Completed 


## Test Completed 


## Test Completed 


]]></system-out>
    <system-err><![CDATA[SLF4J: Failed to load class "org.slf4j.impl.StaticLoggerBinder".
SLF4J: Defaulting to no-operation (NOP) logger implementation
SLF4J: See http://www.slf4j.org/codes.html#StaticLoggerBinder for further details.
]]></system-err>
  </testcase>
  <testcase name="Executor" classname="Test_Packages.Put_TC1" time="6.047"/>
  <testcase name="Executor" classname="Test_Packages.Post_TC1" time="6.047"/>
  <testcase name="Executor" classname="Test_Packages.Post_TC4" time="0.0"/>
  <testcase name="Executor" classname="Test_Packages.Post_TC2" time="0.009">
    <system-out><![CDATA[## Test Completed 


]]></system-out>
  </testcase>
  <testcase name="Executor" classname="Test_Packages.Put_TC4" time="1.359">
    <system-out><![CDATA[Status Code : 200
Status Code : 200
Status Code : 200
Status Code : 200
Status Code : 200
## Test Completed 


]]></system-out>
  </testcase>
  <testcase name="Executor" classname="Test_Packages.Patch_TC2" time="0.103">
    <system-out><![CDATA[## Test Completed 


]]></system-out>
  </testcase>
  <testcase name="Executor" classname="Test_Packages.Put_TC2" time="0.025">
    <system-out><![CDATA[## Test Completed 


]]></system-out>
  </testcase>
  <testcase name="Executor" classname="Test_Packages.Put_TC3" time="0.029">
    <system-out><![CDATA[## Test Completed 


]]></system-out>
  </testcase>
  <testcase name="Executor" classname="Test_Packages.Patch_TC1" time="0.049">
    <system-out><![CDATA[## Test Completed 


]]></system-out>
  </testcase>
  <testcase name="Executor" classname="Test_Packages.Get_TC_Single_User" time="0.693">
    <system-out><![CDATA[Status Code : 200
Status Code : 200
Status Code : 200
Status Code : 200
Status Code : 200
## Test Completed 


]]></system-out>
  </testcase>
  <testcase name="Executor" classname="Test_Packages.Get_TC_list" time="0.032">
    <system-out><![CDATA[## Test Completed 


]]></system-out>
  </testcase>
  <testcase name="Executor" classname="Test_Packages.Get_TC1" time="0.059">
    <system-out><![CDATA[## Test Completed 


]]></system-out>
  </testcase>
  <testcase name="Executor" classname="Test_Packages.Patch_TC3" time="0.821">
    <system-out><![CDATA[Status Code : 200
Status Code : 200
Status Code : 200
## Test Completed 


]]></system-out>
  </testcase>
  <testcase name="Executor" classname="Test_Packages.Get_TC3" time="0.055">
    <system-out><![CDATA[## Test Completed 


]]></system-out>
  </testcase>
  <testcase name="Executor" classname="Test_Packages.Get_TC2" time="0.041">
    <system-out><![CDATA[## Test Completed 


]]></system-out>
  </testcase>
  <testcase name="Executor" classname="Test_Packages.Patch_TC4" time="0.031">
    <system-out><![CDATA[## Test Completed 


]]></system-out>
  </testcase>
  <testcase name="Executor" classname="Test_Packages.Get_TC4" time="0.024">
    <system-out><![CDATA[## Test Completed 


]]></system-out>
  </testcase>
  <testcase name="Executor" classname="Test_Packages.Get_TC5" time="0.246">
    <system-out><![CDATA[Status Code : 200
## Test Completed 


]]></system-out>
    <system-err><![CDATA[ERROR StatusLogger Log4j2 could not find a logging implementation. Please add log4j-core to the classpath. Using SimpleLogger to log to the console...
]]></system-err>
  </testcase>
  <testcase name="Executor" classname="Test_Packages.DD_Post_TC4" time="2.455">
    <system-out><![CDATA[Status Code : 201
Status Code : 201
Status Code : 201
Status Code : 201
Status Code : 200
## Test Completed 


]]></system-out>
  </testcase>
  <testcase name="Executor" classname="Test_Packages.DD_Post_TC1" time="0.129">
    <system-out><![CDATA[## Test Completed 


]]></system-out>
  </testcase>
  <testcase name="Executor" classname="Test_Packages.DD_Post_TC2" time="0.074">
    <system-out><![CDATA[## Test Completed 


]]></system-out>
  </testcase>
  <testcase name="Executor" classname="Test_Packages.DD_Post_TC3" time="0.022">
    <system-out><![CDATA[## Test Completed 


]]></system-out>
  </testcase>
  <testcase name="Executor" classname="Test_Packages.DD_Put_TC1" time="0.028">
    <system-out><![CDATA[## Test Completed 


]]></system-out>
  </testcase>
  <testcase name="Executor" classname="Test_Packages.DD_Put_TC2" time="1.097">
    <system-out><![CDATA[Status Code : 200
Status Code : 200
Status Code : 201
Status Code : 201
Status Code : 200
## Test Completed 


]]></system-out>
  </testcase>
  <testcase name="Executor[ABC, 000](1)" classname="Test_Packages.Post_TC6_Data_Provider" time="0.006">
    <system-out><![CDATA[## Test Completed 


]]></system-out>
  </testcase>
  <testcase name="Executor[PQR, 111](2)" classname="Test_Packages.Post_TC6_Data_Provider" time="0.845">
    <system-out><![CDATA[Status Code : 201
Status Code : 201
## Test Completed 


]]></system-out>
  </testcase>
  <testcase name="Executor[XYZ, 222](3)" classname="Test_Packages.Post_TC6_Data_Provider" time="0.707">
    <system-out><![CDATA[Status Code : 201
Status Code : 201
## Test Completed 


]]></system-out>
  </testcase>
  <testcase name="Executor" classname="Test_Packages.DD_Put_TC3" time="0.118">
    <system-out><![CDATA[## Test Completed 


]]></system-out>
  </testcase>
  <testcase name="Executor[morpheus, leader](1)" classname="Test_Packages.Post_TC5_Data_Provider" time="0.133">
    <system-out><![CDATA[## Test Completed 


]]></system-out>
  </testcase>
  <testcase name="Executor[Aadil, QA](2)" classname="Test_Packages.Post_TC5_Data_Provider" time="0.135">
    <system-out><![CDATA[## Test Completed 


]]></system-out>
  </testcase>
  <testcase name="Executor[XYZ, Manager](3)" classname="Test_Packages.Post_TC5_Data_Provider" time="0.862">
    <system-out><![CDATA[## Test Completed 


]]></system-out>
  </testcase>
  <testcase name="Executor" classname="Test_Packages.DD_Put_TC4" time="0.006">
    <system-out><![CDATA[## Test Completed 


]]></system-out>
  </testcase>
  <testcase name="Executor" classname="Test_Packages.Delete_TC" time="0.391">
    <system-out><![CDATA[Status Code : 204
## Test Completed 


]]></system-out>
  </testcase>
</testsuite>