<?xml version="1.0" encoding="UTF-8"?>
<testng-results ignored="0" total="34" passed="34" failed="0" skipped="0">
  <reporter-output>
  </reporter-output>
  <suite started-at="2024-03-07T02:07:15 IST" name="Suite" finished-at="2024-03-07T02:07:31 IST" duration-ms="16089">
    <groups>
    </groups>
    <test started-at="2024-03-07T02:07:15 IST" name="Parallel Test Execution" finished-at="2024-03-07T02:07:31 IST" duration-ms="16089">
      <class name="Test_Packages.Put_TC3">
        <test-method is-config="true" signature="TestSetup()[pri:0, instance:Test_Packages.Put_TC3@40ef3420]" started-at="2024-03-07T02:07:15 IST" name="TestSetup" finished-at="2024-03-07T02:07:15 IST" duration-ms="2" status="PASS">
          <reporter-output>
          </reporter-output>
        </test-method> <!-- TestSetup -->
        <test-method signature="Executor()[pri:0, instance:Test_Packages.Put_TC3@40ef3420]" started-at="2024-03-07T02:07:21 IST" name="Executor" finished-at="2024-03-07T02:07:23 IST" duration-ms="1632" status="PASS">
          <reporter-output>
          </reporter-output>
        </test-method> <!-- Executor -->
        <test-method is-config="true" signature="Test_TearDown()[pri:0, instance:Test_Packages.Put_TC3@40ef3420]" started-at="2024-03-07T02:07:31 IST" name="Test_TearDown" finished-at="2024-03-07T02:07:31 IST" duration-ms="1" status="PASS">
          <reporter-output>
          </reporter-output>
        </test-method> <!-- Test_TearDown -->
      </class> <!-- Test_Packages.Put_TC3 -->
      <class name="Test_Packages.Put_TC4">
        <test-method is-config="true" signature="TestSetup()[pri:0, instance:Test_Packages.Put_TC4@498d318c]" started-at="2024-03-07T02:07:15 IST" name="TestSetup" finished-at="2024-03-07T02:07:15 IST" duration-ms="2" status="PASS">
          <reporter-output>
          </reporter-output>
        </test-method> <!-- TestSetup -->
        <test-method signature="Executor()[pri:0, instance:Test_Packages.Put_TC4@498d318c]" started-at="2024-03-07T02:07:21 IST" name="Executor" finished-at="2024-03-07T02:07:23 IST" duration-ms="1378" status="PASS">
          <reporter-output>
          </reporter-output>
        </test-method> <!-- Executor -->
        <test-method is-config="true" signature="Test_TearDown()[pri:0, instance:Test_Packages.Put_TC4@498d318c]" started-at="2024-03-07T02:07:31 IST" name="Test_TearDown" finished-at="2024-03-07T02:07:31 IST" duration-ms="1" status="PASS">
          <reporter-output>
          </reporter-output>
        </test-method> <!-- Test_TearDown -->
      </class> <!-- Test_Packages.Put_TC4 -->
      <class name="Test_Packages.Get_TC_Single_User">
        <test-method is-config="true" signature="TestSetup()[pri:0, instance:Test_Packages.Get_TC_Single_User@f5ac9e4]" started-at="2024-03-07T02:07:15 IST" name="TestSetup" finished-at="2024-03-07T02:07:15 IST" duration-ms="2" status="PASS">
          <reporter-output>
          </reporter-output>
        </test-method> <!-- TestSetup -->
        <test-method signature="Executor()[pri:0, instance:Test_Packages.Get_TC_Single_User@f5ac9e4]" started-at="2024-03-07T02:07:23 IST" name="Executor" finished-at="2024-03-07T02:07:24 IST" duration-ms="775" status="PASS">
          <reporter-output>
          </reporter-output>
        </test-method> <!-- Executor -->
        <test-method is-config="true" signature="Test_TearDown()[pri:0, instance:Test_Packages.Get_TC_Single_User@f5ac9e4]" started-at="2024-03-07T02:07:31 IST" name="Test_TearDown" finished-at="2024-03-07T02:07:31 IST" duration-ms="1" status="PASS">
          <reporter-output>
          </reporter-output>
        </test-method> <!-- Test_TearDown -->
      </class> <!-- Test_Packages.Get_TC_Single_User -->
      <class name="Test_Packages.Post_TC6_Data_Provider">
        <test-method is-config="true" signature="TestSetup()[pri:0, instance:Test_Packages.Post_TC6_Data_Provider@15ff3e9e]" started-at="2024-03-07T02:07:15 IST" name="TestSetup" finished-at="2024-03-07T02:07:15 IST" duration-ms="2" status="PASS">
          <reporter-output>
          </reporter-output>
        </test-method> <!-- TestSetup -->
        <test-method signature="Executor(java.lang.String,java.lang.String)[pri:0, instance:Test_Packages.Post_TC6_Data_Provider@15ff3e9e]" started-at="2024-03-07T02:07:28 IST" name="Executor" data-provider="post_requestBody" finished-at="2024-03-07T02:07:29 IST" duration-ms="1161" status="PASS">
          <params>
            <param index="0">
              <value>
                <![CDATA[ABC]]>
              </value>
            </param>
            <param index="1">
              <value>
                <![CDATA[000]]>
              </value>
            </param>
          </params>
          <reporter-output>
          </reporter-output>
        </test-method> <!-- Executor -->
        <test-method signature="Executor(java.lang.String,java.lang.String)[pri:0, instance:Test_Packages.Post_TC6_Data_Provider@15ff3e9e]" started-at="2024-03-07T02:07:29 IST" name="Executor" data-provider="post_requestBody" finished-at="2024-03-07T02:07:30 IST" duration-ms="978" status="PASS">
          <params>
            <param index="0">
              <value>
                <![CDATA[PQR]]>
              </value>
            </param>
            <param index="1">
              <value>
                <![CDATA[111]]>
              </value>
            </param>
          </params>
          <reporter-output>
          </reporter-output>
        </test-method> <!-- Executor -->
        <test-method signature="Executor(java.lang.String,java.lang.String)[pri:0, instance:Test_Packages.Post_TC6_Data_Provider@15ff3e9e]" started-at="2024-03-07T02:07:30 IST" name="Executor" data-provider="post_requestBody" finished-at="2024-03-07T02:07:31 IST" duration-ms="841" status="PASS">
          <params>
            <param index="0">
              <value>
                <![CDATA[XYZ]]>
              </value>
            </param>
            <param index="1">
              <value>
                <![CDATA[222]]>
              </value>
            </param>
          </params>
          <reporter-output>
          </reporter-output>
        </test-method> <!-- Executor -->
        <test-method is-config="true" signature="Test_TearDown()[pri:0, instance:Test_Packages.Post_TC6_Data_Provider@15ff3e9e]" started-at="2024-03-07T02:07:31 IST" name="Test_TearDown" finished-at="2024-03-07T02:07:31 IST" duration-ms="1" status="PASS">
          <reporter-output>
          </reporter-output>
        </test-method> <!-- Test_TearDown -->
      </class> <!-- Test_Packages.Post_TC6_Data_Provider -->
      <class name="Test_Packages.Get_TC5">
        <test-method is-config="true" signature="TestSetup()[pri:0, instance:Test_Packages.Get_TC5@7334aada]" started-at="2024-03-07T02:07:15 IST" name="TestSetup" finished-at="2024-03-07T02:07:15 IST" duration-ms="2" status="PASS">
          <reporter-output>
          </reporter-output>
        </test-method> <!-- TestSetup -->
        <test-method signature="Executor()[pri:0, instance:Test_Packages.Get_TC5@7334aada]" started-at="2024-03-07T02:07:25 IST" name="Executor" finished-at="2024-03-07T02:07:25 IST" duration-ms="488" status="PASS">
          <reporter-output>
          </reporter-output>
        </test-method> <!-- Executor -->
        <test-method is-config="true" signature="Test_TearDown()[pri:0, instance:Test_Packages.Get_TC5@7334aada]" started-at="2024-03-07T02:07:31 IST" name="Test_TearDown" finished-at="2024-03-07T02:07:31 IST" duration-ms="1" status="PASS">
          <reporter-output>
          </reporter-output>
        </test-method> <!-- Test_TearDown -->
      </class> <!-- Test_Packages.Get_TC5 -->
      <class name="Test_Packages.Patch_TC1">
        <test-method is-config="true" signature="TestSetup()[pri:0, instance:Test_Packages.Patch_TC1@6e171cd7]" started-at="2024-03-07T02:07:15 IST" name="TestSetup" finished-at="2024-03-07T02:07:15 IST" duration-ms="5" status="PASS">
          <reporter-output>
          </reporter-output>
        </test-method> <!-- TestSetup -->
        <test-method signature="Executor()[pri:0, instance:Test_Packages.Patch_TC1@6e171cd7]" started-at="2024-03-07T02:07:21 IST" name="Executor" finished-at="2024-03-07T02:07:23 IST" duration-ms="1751" status="PASS">
          <reporter-output>
          </reporter-output>
        </test-method> <!-- Executor -->
        <test-method is-config="true" signature="Test_TearDown()[pri:0, instance:Test_Packages.Patch_TC1@6e171cd7]" started-at="2024-03-07T02:07:31 IST" name="Test_TearDown" finished-at="2024-03-07T02:07:31 IST" duration-ms="2" status="PASS">
          <reporter-output>
          </reporter-output>
        </test-method> <!-- Test_TearDown -->
      </class> <!-- Test_Packages.Patch_TC1 -->
      <class name="Test_Packages.Post_TC3">
        <test-method is-config="true" signature="TestSetup()[pri:0, instance:Test_Packages.Post_TC3@1ab3a8c8]" started-at="2024-03-07T02:07:15 IST" name="TestSetup" finished-at="2024-03-07T02:07:15 IST" duration-ms="3" status="PASS">
          <reporter-output>
          </reporter-output>
        </test-method> <!-- TestSetup -->
        <test-method signature="Executor()[pri:0, instance:Test_Packages.Post_TC3@1ab3a8c8]" started-at="2024-03-07T02:07:15 IST" name="Executor" description=":::Executing Post API &amp; Validationg Response Body::::::::::::::" finished-at="2024-03-07T02:07:21 IST" duration-ms="6160" status="PASS">
          <reporter-output>
          </reporter-output>
        </test-method> <!-- Executor -->
        <test-method is-config="true" signature="Test_TearDown()[pri:0, instance:Test_Packages.Post_TC3@1ab3a8c8]" started-at="2024-03-07T02:07:31 IST" name="Test_TearDown" finished-at="2024-03-07T02:07:31 IST" duration-ms="1" status="PASS">
          <reporter-output>
          </reporter-output>
        </test-method> <!-- Test_TearDown -->
      </class> <!-- Test_Packages.Post_TC3 -->
      <class name="Test_Packages.Get_TC4">
        <test-method is-config="true" signature="TestSetup()[pri:0, instance:Test_Packages.Get_TC4@441772e]" started-at="2024-03-07T02:07:15 IST" name="TestSetup" finished-at="2024-03-07T02:07:15 IST" duration-ms="2" status="PASS">
          <reporter-output>
          </reporter-output>
        </test-method> <!-- TestSetup -->
        <test-method signature="Executor()[pri:0, instance:Test_Packages.Get_TC4@441772e]" started-at="2024-03-07T02:07:24 IST" name="Executor" finished-at="2024-03-07T02:07:25 IST" duration-ms="900" status="PASS">
          <reporter-output>
          </reporter-output>
        </test-method> <!-- Executor -->
        <test-method is-config="true" signature="Test_TearDown()[pri:0, instance:Test_Packages.Get_TC4@441772e]" started-at="2024-03-07T02:07:31 IST" name="Test_TearDown" finished-at="2024-03-07T02:07:31 IST" duration-ms="2" status="PASS">
          <reporter-output>
          </reporter-output>
        </test-method> <!-- Test_TearDown -->
      </class> <!-- Test_Packages.Get_TC4 -->
      <class name="Test_Packages.Post_TC2">
        <test-method is-config="true" signature="TestSetup()[pri:0, instance:Test_Packages.Post_TC2@6973b51b]" started-at="2024-03-07T02:07:15 IST" name="TestSetup" finished-at="2024-03-07T02:07:15 IST" duration-ms="2" status="PASS">
          <reporter-output>
          </reporter-output>
        </test-method> <!-- TestSetup -->
        <test-method signature="Executor()[pri:0, instance:Test_Packages.Post_TC2@6973b51b]" started-at="2024-03-07T02:07:15 IST" name="Executor" description=":::Executing Post API &amp; Validationg Response Body::::::::::::::" finished-at="2024-03-07T02:07:21 IST" duration-ms="6233" status="PASS">
          <reporter-output>
          </reporter-output>
        </test-method> <!-- Executor -->
        <test-method is-config="true" signature="Test_TearDown()[pri:0, instance:Test_Packages.Post_TC2@6973b51b]" started-at="2024-03-07T02:07:31 IST" name="Test_TearDown" finished-at="2024-03-07T02:07:31 IST" duration-ms="2" status="PASS">
          <reporter-output>
          </reporter-output>
        </test-method> <!-- Test_TearDown -->
      </class> <!-- Test_Packages.Post_TC2 -->
      <class name="Test_Packages.DD_Put_TC1">
        <test-method is-config="true" signature="TestSetup()[pri:0, instance:Test_Packages.DD_Put_TC1@52e6fdee]" started-at="2024-03-07T02:07:15 IST" name="TestSetup" finished-at="2024-03-07T02:07:15 IST" duration-ms="3" status="PASS">
          <reporter-output>
          </reporter-output>
        </test-method> <!-- TestSetup -->
        <test-method signature="Executor()[pri:0, instance:Test_Packages.DD_Put_TC1@52e6fdee]" started-at="2024-03-07T02:07:25 IST" name="Executor" finished-at="2024-03-07T02:07:28 IST" duration-ms="2696" status="PASS">
          <reporter-output>
          </reporter-output>
        </test-method> <!-- Executor -->
        <test-method is-config="true" signature="Test_TearDown()[pri:0, instance:Test_Packages.DD_Put_TC1@52e6fdee]" started-at="2024-03-07T02:07:31 IST" name="Test_TearDown" finished-at="2024-03-07T02:07:31 IST" duration-ms="1" status="PASS">
          <reporter-output>
          </reporter-output>
        </test-method> <!-- Test_TearDown -->
      </class> <!-- Test_Packages.DD_Put_TC1 -->
      <class name="Test_Packages.Post_TC4">
        <test-method is-config="true" signature="TestSetup()[pri:0, instance:Test_Packages.Post_TC4@43195e57]" started-at="2024-03-07T02:07:15 IST" name="TestSetup" finished-at="2024-03-07T02:07:15 IST" duration-ms="2" status="PASS">
          <reporter-output>
          </reporter-output>
        </test-method> <!-- TestSetup -->
        <test-method signature="Executor()[pri:0, instance:Test_Packages.Post_TC4@43195e57]" started-at="2024-03-07T02:07:15 IST" name="Executor" description=":::Executing Post API &amp; Validationg Response Body::::::::::::::" finished-at="2024-03-07T02:07:21 IST" duration-ms="6156" status="PASS">
          <reporter-output>
          </reporter-output>
        </test-method> <!-- Executor -->
        <test-method is-config="true" signature="Test_TearDown()[pri:0, instance:Test_Packages.Post_TC4@43195e57]" started-at="2024-03-07T02:07:31 IST" name="Test_TearDown" finished-at="2024-03-07T02:07:31 IST" duration-ms="1" status="PASS">
          <reporter-output>
          </reporter-output>
        </test-method> <!-- Test_TearDown -->
      </class> <!-- Test_Packages.Post_TC4 -->
      <class name="Test_Packages.Delete_TC">
        <test-method is-config="true" signature="TestSetup()[pri:0, instance:Test_Packages.Delete_TC@5fdcaa40]" started-at="2024-03-07T02:07:15 IST" name="TestSetup" finished-at="2024-03-07T02:07:15 IST" duration-ms="3" status="PASS">
          <reporter-output>
          </reporter-output>
        </test-method> <!-- TestSetup -->
        <test-method signature="Executor()[pri:0, instance:Test_Packages.Delete_TC@5fdcaa40]" started-at="2024-03-07T02:07:29 IST" name="Executor" finished-at="2024-03-07T02:07:29 IST" duration-ms="531" status="PASS">
          <reporter-output>
          </reporter-output>
        </test-method> <!-- Executor -->
        <test-method is-config="true" signature="Test_TearDown()[pri:0, instance:Test_Packages.Delete_TC@5fdcaa40]" started-at="2024-03-07T02:07:31 IST" name="Test_TearDown" finished-at="2024-03-07T02:07:31 IST" duration-ms="1" status="PASS">
          <reporter-output>
          </reporter-output>
        </test-method> <!-- Test_TearDown -->
      </class> <!-- Test_Packages.Delete_TC -->
      <class name="Test_Packages.DD_Put_TC2">
        <test-method is-config="true" signature="TestSetup()[pri:0, instance:Test_Packages.DD_Put_TC2@6c80d78a]" started-at="2024-03-07T02:07:15 IST" name="TestSetup" finished-at="2024-03-07T02:07:15 IST" duration-ms="2" status="PASS">
          <reporter-output>
          </reporter-output>
        </test-method> <!-- TestSetup -->
        <test-method signature="Executor()[pri:0, instance:Test_Packages.DD_Put_TC2@6c80d78a]" started-at="2024-03-07T02:07:27 IST" name="Executor" finished-at="2024-03-07T02:07:29 IST" duration-ms="1468" status="PASS">
          <reporter-output>
          </reporter-output>
        </test-method> <!-- Executor -->
        <test-method is-config="true" signature="Test_TearDown()[pri:0, instance:Test_Packages.DD_Put_TC2@6c80d78a]" started-at="2024-03-07T02:07:31 IST" name="Test_TearDown" finished-at="2024-03-07T02:07:31 IST" duration-ms="1" status="PASS">
          <reporter-output>
          </reporter-output>
        </test-method> <!-- Test_TearDown -->
      </class> <!-- Test_Packages.DD_Put_TC2 -->
      <class name="Test_Packages.Get_TC1">
        <test-method is-config="true" signature="TestSetup()[pri:0, instance:Test_Packages.Get_TC1@dbf57b3]" started-at="2024-03-07T02:07:15 IST" name="TestSetup" finished-at="2024-03-07T02:07:15 IST" duration-ms="3" status="PASS">
          <reporter-output>
          </reporter-output>
        </test-method> <!-- TestSetup -->
        <test-method signature="Executor()[pri:0, instance:Test_Packages.Get_TC1@dbf57b3]" started-at="2024-03-07T02:07:23 IST" name="Executor" finished-at="2024-03-07T02:07:24 IST" duration-ms="777" status="PASS">
          <reporter-output>
          </reporter-output>
        </test-method> <!-- Executor -->
        <test-method is-config="true" signature="Test_TearDown()[pri:0, instance:Test_Packages.Get_TC1@dbf57b3]" started-at="2024-03-07T02:07:31 IST" name="Test_TearDown" finished-at="2024-03-07T02:07:31 IST" duration-ms="1" status="PASS">
          <reporter-output>
          </reporter-output>
        </test-method> <!-- Test_TearDown -->
      </class> <!-- Test_Packages.Get_TC1 -->
      <class name="Test_Packages.DD_Put_TC3">
        <test-method is-config="true" signature="TestSetup()[pri:0, instance:Test_Packages.DD_Put_TC3@62150f9e]" started-at="2024-03-07T02:07:15 IST" name="TestSetup" finished-at="2024-03-07T02:07:15 IST" duration-ms="2" status="PASS">
          <reporter-output>
          </reporter-output>
        </test-method> <!-- TestSetup -->
        <test-method signature="Executor()[pri:0, instance:Test_Packages.DD_Put_TC3@62150f9e]" started-at="2024-03-07T02:07:28 IST" name="Executor" finished-at="2024-03-07T02:07:29 IST" duration-ms="1392" status="PASS">
          <reporter-output>
          </reporter-output>
        </test-method> <!-- Executor -->
        <test-method is-config="true" signature="Test_TearDown()[pri:0, instance:Test_Packages.DD_Put_TC3@62150f9e]" started-at="2024-03-07T02:07:31 IST" name="Test_TearDown" finished-at="2024-03-07T02:07:31 IST" duration-ms="1" status="PASS">
          <reporter-output>
          </reporter-output>
        </test-method> <!-- Test_TearDown -->
      </class> <!-- Test_Packages.DD_Put_TC3 -->
      <class name="Test_Packages.Patch_TC4">
        <test-method is-config="true" signature="TestSetup()[pri:0, instance:Test_Packages.Patch_TC4@59fd97a8]" started-at="2024-03-07T02:07:15 IST" name="TestSetup" finished-at="2024-03-07T02:07:15 IST" duration-ms="2" status="PASS">
          <reporter-output>
          </reporter-output>
        </test-method> <!-- TestSetup -->
        <test-method signature="Executor()[pri:0, instance:Test_Packages.Patch_TC4@59fd97a8]" started-at="2024-03-07T02:07:23 IST" name="Executor" finished-at="2024-03-07T02:07:25 IST" duration-ms="1818" status="PASS">
          <reporter-output>
          </reporter-output>
        </test-method> <!-- Executor -->
        <test-method is-config="true" signature="Test_TearDown()[pri:0, instance:Test_Packages.Patch_TC4@59fd97a8]" started-at="2024-03-07T02:07:31 IST" name="Test_TearDown" finished-at="2024-03-07T02:07:31 IST" duration-ms="1" status="PASS">
          <reporter-output>
          </reporter-output>
        </test-method> <!-- Test_TearDown -->
      </class> <!-- Test_Packages.Patch_TC4 -->
      <class name="Test_Packages.DD_Put_TC4">
        <test-method is-config="true" signature="TestSetup()[pri:0, instance:Test_Packages.DD_Put_TC4@1a451d4d]" started-at="2024-03-07T02:07:15 IST" name="TestSetup" finished-at="2024-03-07T02:07:15 IST" duration-ms="3" status="PASS">
          <reporter-output>
          </reporter-output>
        </test-method> <!-- TestSetup -->
        <test-method signature="Executor()[pri:0, instance:Test_Packages.DD_Put_TC4@1a451d4d]" started-at="2024-03-07T02:07:28 IST" name="Executor" finished-at="2024-03-07T02:07:29 IST" duration-ms="1381" status="PASS">
          <reporter-output>
          </reporter-output>
        </test-method> <!-- Executor -->
        <test-method is-config="true" signature="Test_TearDown()[pri:0, instance:Test_Packages.DD_Put_TC4@1a451d4d]" started-at="2024-03-07T02:07:31 IST" name="Test_TearDown" finished-at="2024-03-07T02:07:31 IST" duration-ms="2" status="PASS">
          <reporter-output>
          </reporter-output>
        </test-method> <!-- Test_TearDown -->
      </class> <!-- Test_Packages.DD_Put_TC4 -->
      <class name="Test_Packages.Get_TC3">
        <test-method is-config="true" signature="TestSetup()[pri:0, instance:Test_Packages.Get_TC3@61862a7f]" started-at="2024-03-07T02:07:15 IST" name="TestSetup" finished-at="2024-03-07T02:07:15 IST" duration-ms="2" status="PASS">
          <reporter-output>
          </reporter-output>
        </test-method> <!-- TestSetup -->
        <test-method signature="Executor()[pri:0, instance:Test_Packages.Get_TC3@61862a7f]" started-at="2024-03-07T02:07:24 IST" name="Executor" finished-at="2024-03-07T02:07:25 IST" duration-ms="863" status="PASS">
          <reporter-output>
          </reporter-output>
        </test-method> <!-- Executor -->
        <test-method is-config="true" signature="Test_TearDown()[pri:0, instance:Test_Packages.Get_TC3@61862a7f]" started-at="2024-03-07T02:07:31 IST" name="Test_TearDown" finished-at="2024-03-07T02:07:31 IST" duration-ms="1" status="PASS">
          <reporter-output>
          </reporter-output>
        </test-method> <!-- Test_TearDown -->
      </class> <!-- Test_Packages.Get_TC3 -->
      <class name="Test_Packages.Patch_TC3">
        <test-method is-config="true" signature="TestSetup()[pri:0, instance:Test_Packages.Patch_TC3@795cd85e]" started-at="2024-03-07T02:07:15 IST" name="TestSetup" finished-at="2024-03-07T02:07:15 IST" duration-ms="2" status="PASS">
          <reporter-output>
          </reporter-output>
        </test-method> <!-- TestSetup -->
        <test-method signature="Executor()[pri:0, instance:Test_Packages.Patch_TC3@795cd85e]" started-at="2024-03-07T02:07:23 IST" name="Executor" finished-at="2024-03-07T02:07:25 IST" duration-ms="1734" status="PASS">
          <reporter-output>
          </reporter-output>
        </test-method> <!-- Executor -->
        <test-method is-config="true" signature="Test_TearDown()[pri:0, instance:Test_Packages.Patch_TC3@795cd85e]" started-at="2024-03-07T02:07:31 IST" name="Test_TearDown" finished-at="2024-03-07T02:07:31 IST" duration-ms="2" status="PASS">
          <reporter-output>
          </reporter-output>
        </test-method> <!-- Test_TearDown -->
      </class> <!-- Test_Packages.Patch_TC3 -->
      <class name="Test_Packages.Post_TC1">
        <test-method is-config="true" signature="TestSetup()[pri:0, instance:Test_Packages.Post_TC1@20ce78ec]" started-at="2024-03-07T02:07:15 IST" name="TestSetup" finished-at="2024-03-07T02:07:15 IST" duration-ms="4" status="PASS">
          <reporter-output>
          </reporter-output>
        </test-method> <!-- TestSetup -->
        <test-method signature="Executor()[pri:0, instance:Test_Packages.Post_TC1@20ce78ec]" started-at="2024-03-07T02:07:15 IST" name="Executor" finished-at="2024-03-07T02:07:21 IST" duration-ms="6157" status="PASS">
          <reporter-output>
          </reporter-output>
        </test-method> <!-- Executor -->
        <test-method is-config="true" signature="Test_TearDown()[pri:0, instance:Test_Packages.Post_TC1@20ce78ec]" started-at="2024-03-07T02:07:31 IST" name="Test_TearDown" finished-at="2024-03-07T02:07:31 IST" duration-ms="1" status="PASS">
          <reporter-output>
          </reporter-output>
        </test-method> <!-- Test_TearDown -->
      </class> <!-- Test_Packages.Post_TC1 -->
      <class name="Test_Packages.Get_TC2">
        <test-method is-config="true" signature="TestSetup()[pri:0, instance:Test_Packages.Get_TC2@384ad17b]" started-at="2024-03-07T02:07:15 IST" name="TestSetup" finished-at="2024-03-07T02:07:15 IST" duration-ms="2" status="PASS">
          <reporter-output>
          </reporter-output>
        </test-method> <!-- TestSetup -->
        <test-method signature="Executor()[pri:0, instance:Test_Packages.Get_TC2@384ad17b]" started-at="2024-03-07T02:07:24 IST" name="Executor" finished-at="2024-03-07T02:07:25 IST" duration-ms="909" status="PASS">
          <reporter-output>
          </reporter-output>
        </test-method> <!-- Executor -->
        <test-method is-config="true" signature="Test_TearDown()[pri:0, instance:Test_Packages.Get_TC2@384ad17b]" started-at="2024-03-07T02:07:31 IST" name="Test_TearDown" finished-at="2024-03-07T02:07:31 IST" duration-ms="2" status="PASS">
          <reporter-output>
          </reporter-output>
        </test-method> <!-- Test_TearDown -->
      </class> <!-- Test_Packages.Get_TC2 -->
      <class name="Test_Packages.Patch_TC2">
        <test-method is-config="true" signature="TestSetup()[pri:0, instance:Test_Packages.Patch_TC2@402bba4f]" started-at="2024-03-07T02:07:15 IST" name="TestSetup" finished-at="2024-03-07T02:07:15 IST" duration-ms="1" status="PASS">
          <reporter-output>
          </reporter-output>
        </test-method> <!-- TestSetup -->
        <test-method signature="Executor()[pri:0, instance:Test_Packages.Patch_TC2@402bba4f]" started-at="2024-03-07T02:07:21 IST" name="Executor" finished-at="2024-03-07T02:07:23 IST" duration-ms="1476" status="PASS">
          <reporter-output>
          </reporter-output>
        </test-method> <!-- Executor -->
        <test-method is-config="true" signature="Test_TearDown()[pri:0, instance:Test_Packages.Patch_TC2@402bba4f]" started-at="2024-03-07T02:07:31 IST" name="Test_TearDown" finished-at="2024-03-07T02:07:31 IST" duration-ms="2" status="PASS">
          <reporter-output>
          </reporter-output>
        </test-method> <!-- Test_TearDown -->
      </class> <!-- Test_Packages.Patch_TC2 -->
      <class name="Test_Packages.DD_Post_TC1">
        <test-method is-config="true" signature="TestSetup()[pri:0, instance:Test_Packages.DD_Post_TC1@1d9b7cce]" started-at="2024-03-07T02:07:15 IST" name="TestSetup" finished-at="2024-03-07T02:07:15 IST" duration-ms="30" status="PASS">
          <reporter-output>
          </reporter-output>
        </test-method> <!-- TestSetup -->
        <test-method signature="Executor()[pri:0, instance:Test_Packages.DD_Post_TC1@1d9b7cce]" started-at="2024-03-07T02:07:25 IST" name="Executor" finished-at="2024-03-07T02:07:28 IST" duration-ms="2968" status="PASS">
          <reporter-output>
          </reporter-output>
        </test-method> <!-- Executor -->
        <test-method is-config="true" signature="Test_TearDown()[pri:0, instance:Test_Packages.DD_Post_TC1@1d9b7cce]" started-at="2024-03-07T02:07:31 IST" name="Test_TearDown" finished-at="2024-03-07T02:07:31 IST" duration-ms="5" status="PASS">
          <reporter-output>
          </reporter-output>
        </test-method> <!-- Test_TearDown -->
      </class> <!-- Test_Packages.DD_Post_TC1 -->
      <class name="Test_Packages.DD_Post_TC2">
        <test-method is-config="true" signature="TestSetup()[pri:0, instance:Test_Packages.DD_Post_TC2@4d9e68d0]" started-at="2024-03-07T02:07:15 IST" name="TestSetup" finished-at="2024-03-07T02:07:15 IST" duration-ms="2" status="PASS">
          <reporter-output>
          </reporter-output>
        </test-method> <!-- TestSetup -->
        <test-method signature="Executor()[pri:0, instance:Test_Packages.DD_Post_TC2@4d9e68d0]" started-at="2024-03-07T02:07:25 IST" name="Executor" finished-at="2024-03-07T02:07:28 IST" duration-ms="3094" status="PASS">
          <reporter-output>
          </reporter-output>
        </test-method> <!-- Executor -->
        <test-method is-config="true" signature="Test_TearDown()[pri:0, instance:Test_Packages.DD_Post_TC2@4d9e68d0]" started-at="2024-03-07T02:07:31 IST" name="Test_TearDown" finished-at="2024-03-07T02:07:31 IST" duration-ms="1" status="PASS">
          <reporter-output>
          </reporter-output>
        </test-method> <!-- Test_TearDown -->
      </class> <!-- Test_Packages.DD_Post_TC2 -->
      <class name="Test_Packages.DD_Post_TC3">
        <test-method is-config="true" signature="TestSetup()[pri:0, instance:Test_Packages.DD_Post_TC3@42e99e4a]" started-at="2024-03-07T02:07:15 IST" name="TestSetup" finished-at="2024-03-07T02:07:15 IST" duration-ms="2" status="PASS">
          <reporter-output>
          </reporter-output>
        </test-method> <!-- TestSetup -->
        <test-method signature="Executor()[pri:0, instance:Test_Packages.DD_Post_TC3@42e99e4a]" started-at="2024-03-07T02:07:25 IST" name="Executor" finished-at="2024-03-07T02:07:28 IST" duration-ms="3055" status="PASS">
          <reporter-output>
          </reporter-output>
        </test-method> <!-- Executor -->
        <test-method is-config="true" signature="Test_TearDown()[pri:0, instance:Test_Packages.DD_Post_TC3@42e99e4a]" started-at="2024-03-07T02:07:31 IST" name="Test_TearDown" finished-at="2024-03-07T02:07:31 IST" duration-ms="1" status="PASS">
          <reporter-output>
          </reporter-output>
        </test-method> <!-- Test_TearDown -->
      </class> <!-- Test_Packages.DD_Post_TC3 -->
      <class name="Test_Packages.Post_TC5_Data_Provider">
        <test-method is-config="true" signature="TestSetup()[pri:0, instance:Test_Packages.Post_TC5_Data_Provider@7fa98a66]" started-at="2024-03-07T02:07:15 IST" name="TestSetup" finished-at="2024-03-07T02:07:15 IST" duration-ms="2" status="PASS">
          <reporter-output>
          </reporter-output>
        </test-method> <!-- TestSetup -->
        <test-method signature="Executor(java.lang.String,java.lang.String)[pri:0, instance:Test_Packages.Post_TC5_Data_Provider@7fa98a66]" started-at="2024-03-07T02:07:28 IST" name="Executor" data-provider="post_requestBody" finished-at="2024-03-07T02:07:29 IST" duration-ms="1258" status="PASS">
          <params>
            <param index="0">
              <value>
                <![CDATA[morpheus]]>
              </value>
            </param>
            <param index="1">
              <value>
                <![CDATA[leader]]>
              </value>
            </param>
          </params>
          <reporter-output>
          </reporter-output>
        </test-method> <!-- Executor -->
        <test-method signature="Executor(java.lang.String,java.lang.String)[pri:0, instance:Test_Packages.Post_TC5_Data_Provider@7fa98a66]" started-at="2024-03-07T02:07:29 IST" name="Executor" data-provider="post_requestBody" finished-at="2024-03-07T02:07:30 IST" duration-ms="987" status="PASS">
          <params>
            <param index="0">
              <value>
                <![CDATA[Aadil]]>
              </value>
            </param>
            <param index="1">
              <value>
                <![CDATA[QA]]>
              </value>
            </param>
          </params>
          <reporter-output>
          </reporter-output>
        </test-method> <!-- Executor -->
        <test-method signature="Executor(java.lang.String,java.lang.String)[pri:0, instance:Test_Packages.Post_TC5_Data_Provider@7fa98a66]" started-at="2024-03-07T02:07:30 IST" name="Executor" data-provider="post_requestBody" finished-at="2024-03-07T02:07:31 IST" duration-ms="869" status="PASS">
          <params>
            <param index="0">
              <value>
                <![CDATA[XYZ]]>
              </value>
            </param>
            <param index="1">
              <value>
                <![CDATA[Manager]]>
              </value>
            </param>
          </params>
          <reporter-output>
          </reporter-output>
        </test-method> <!-- Executor -->
        <test-method is-config="true" signature="Test_TearDown()[pri:0, instance:Test_Packages.Post_TC5_Data_Provider@7fa98a66]" started-at="2024-03-07T02:07:31 IST" name="Test_TearDown" finished-at="2024-03-07T02:07:31 IST" duration-ms="3" status="PASS">
          <reporter-output>
          </reporter-output>
        </test-method> <!-- Test_TearDown -->
      </class> <!-- Test_Packages.Post_TC5_Data_Provider -->
      <class name="Test_Packages.DD_Post_TC4">
        <test-method is-config="true" signature="TestSetup()[pri:0, instance:Test_Packages.DD_Post_TC4@14dd9eb7]" started-at="2024-03-07T02:07:15 IST" name="TestSetup" finished-at="2024-03-07T02:07:15 IST" duration-ms="3" status="PASS">
          <reporter-output>
          </reporter-output>
        </test-method> <!-- TestSetup -->
        <test-method signature="Executor()[pri:0, instance:Test_Packages.DD_Post_TC4@14dd9eb7]" started-at="2024-03-07T02:07:25 IST" name="Executor" finished-at="2024-03-07T02:07:27 IST" duration-ms="2718" status="PASS">
          <reporter-output>
          </reporter-output>
        </test-method> <!-- Executor -->
        <test-method is-config="true" signature="Test_TearDown()[pri:0, instance:Test_Packages.DD_Post_TC4@14dd9eb7]" started-at="2024-03-07T02:07:31 IST" name="Test_TearDown" finished-at="2024-03-07T02:07:31 IST" duration-ms="1" status="PASS">
          <reporter-output>
          </reporter-output>
        </test-method> <!-- Test_TearDown -->
      </class> <!-- Test_Packages.DD_Post_TC4 -->
      <class name="Test_Packages.Get_TC_list">
        <test-method is-config="true" signature="TestSetup()[pri:0, instance:Test_Packages.Get_TC_list@123ef382]" started-at="2024-03-07T02:07:15 IST" name="TestSetup" finished-at="2024-03-07T02:07:15 IST" duration-ms="3" status="PASS">
          <reporter-output>
          </reporter-output>
        </test-method> <!-- TestSetup -->
        <test-method signature="Executor()[pri:0, instance:Test_Packages.Get_TC_list@123ef382]" started-at="2024-03-07T02:07:23 IST" name="Executor" finished-at="2024-03-07T02:07:24 IST" duration-ms="797" status="PASS">
          <reporter-output>
          </reporter-output>
        </test-method> <!-- Executor -->
        <test-method is-config="true" signature="Test_TearDown()[pri:0, instance:Test_Packages.Get_TC_list@123ef382]" started-at="2024-03-07T02:07:31 IST" name="Test_TearDown" finished-at="2024-03-07T02:07:31 IST" duration-ms="2" status="PASS">
          <reporter-output>
          </reporter-output>
        </test-method> <!-- Test_TearDown -->
      </class> <!-- Test_Packages.Get_TC_list -->
      <class name="Test_Packages.Put_TC1">
        <test-method is-config="true" signature="TestSetup()[pri:0, instance:Test_Packages.Put_TC1@333291e3]" started-at="2024-03-07T02:07:15 IST" name="TestSetup" finished-at="2024-03-07T02:07:15 IST" duration-ms="2" status="PASS">
          <reporter-output>
          </reporter-output>
        </test-method> <!-- TestSetup -->
        <test-method signature="Executor()[pri:0, instance:Test_Packages.Put_TC1@333291e3]" started-at="2024-03-07T02:07:15 IST" name="Executor" finished-at="2024-03-07T02:07:21 IST" duration-ms="6156" status="PASS">
          <reporter-output>
          </reporter-output>
        </test-method> <!-- Executor -->
        <test-method is-config="true" signature="Test_TearDown()[pri:0, instance:Test_Packages.Put_TC1@333291e3]" started-at="2024-03-07T02:07:31 IST" name="Test_TearDown" finished-at="2024-03-07T02:07:31 IST" duration-ms="4" status="PASS">
          <reporter-output>
          </reporter-output>
        </test-method> <!-- Test_TearDown -->
      </class> <!-- Test_Packages.Put_TC1 -->
      <class name="Test_Packages.Put_TC2">
        <test-method is-config="true" signature="TestSetup()[pri:0, instance:Test_Packages.Put_TC2@479d31f3]" started-at="2024-03-07T02:07:15 IST" name="TestSetup" finished-at="2024-03-07T02:07:15 IST" duration-ms="2" status="PASS">
          <reporter-output>
          </reporter-output>
        </test-method> <!-- TestSetup -->
        <test-method signature="Executor()[pri:0, instance:Test_Packages.Put_TC2@479d31f3]" started-at="2024-03-07T02:07:21 IST" name="Executor" finished-at="2024-03-07T02:07:23 IST" duration-ms="1620" status="PASS">
          <reporter-output>
          </reporter-output>
        </test-method> <!-- Executor -->
        <test-method is-config="true" signature="Test_TearDown()[pri:0, instance:Test_Packages.Put_TC2@479d31f3]" started-at="2024-03-07T02:07:31 IST" name="Test_TearDown" finished-at="2024-03-07T02:07:31 IST" duration-ms="2" status="PASS">
          <reporter-output>
          </reporter-output>
        </test-method> <!-- Test_TearDown -->
      </class> <!-- Test_Packages.Put_TC2 -->
    </test> <!-- Parallel Test Execution -->
  </suite> <!-- Suite -->
</testng-results>
