<?xml version="1.0" encoding="UTF-8"?>
<testng-results ignored="0" total="34" passed="34" failed="0" skipped="0">
  <reporter-output>
  </reporter-output>
  <suite started-at="2024-03-07T16:33:03 IST" name="Suite" finished-at="2024-03-07T16:33:35 IST" duration-ms="31816">
    <groups>
    </groups>
    <test started-at="2024-03-07T16:33:03 IST" name="Test Master Suit" finished-at="2024-03-07T16:33:35 IST" duration-ms="31816">
      <class name="Test_Packages.Put_TC3">
        <test-method is-config="true" signature="TestSetup()[pri:0, instance:Test_Packages.Put_TC3@5884a914]" started-at="2024-03-07T16:33:04 IST" name="TestSetup" finished-at="2024-03-07T16:33:04 IST" duration-ms="4" status="PASS">
          <reporter-output>
          </reporter-output>
        </test-method> <!-- TestSetup -->
        <test-method signature="Executor()[pri:0, instance:Test_Packages.Put_TC3@5884a914]" started-at="2024-03-07T16:33:14 IST" name="Executor" finished-at="2024-03-07T16:33:15 IST" duration-ms="922" status="PASS">
          <reporter-output>
          </reporter-output>
        </test-method> <!-- Executor -->
        <test-method is-config="true" signature="Test_TearDown()[pri:0, instance:Test_Packages.Put_TC3@5884a914]" started-at="2024-03-07T16:33:35 IST" name="Test_TearDown" finished-at="2024-03-07T16:33:35 IST" duration-ms="1" status="PASS">
          <reporter-output>
          </reporter-output>
        </test-method> <!-- Test_TearDown -->
      </class> <!-- Test_Packages.Put_TC3 -->
      <class name="Test_Packages.Put_TC4">
        <test-method is-config="true" signature="TestSetup()[pri:0, instance:Test_Packages.Put_TC4@50378a4]" started-at="2024-03-07T16:33:04 IST" name="TestSetup" finished-at="2024-03-07T16:33:04 IST" duration-ms="2" status="PASS">
          <reporter-output>
          </reporter-output>
        </test-method> <!-- TestSetup -->
        <test-method signature="Executor()[pri:0, instance:Test_Packages.Put_TC4@50378a4]" started-at="2024-03-07T16:33:15 IST" name="Executor" finished-at="2024-03-07T16:33:15 IST" duration-ms="826" status="PASS">
          <reporter-output>
          </reporter-output>
        </test-method> <!-- Executor -->
        <test-method is-config="true" signature="Test_TearDown()[pri:0, instance:Test_Packages.Put_TC4@50378a4]" started-at="2024-03-07T16:33:35 IST" name="Test_TearDown" finished-at="2024-03-07T16:33:35 IST" duration-ms="2" status="PASS">
          <reporter-output>
          </reporter-output>
        </test-method> <!-- Test_TearDown -->
      </class> <!-- Test_Packages.Put_TC4 -->
      <class name="Test_Packages.Get_TC_Single_User">
        <test-method is-config="true" signature="TestSetup()[pri:0, instance:Test_Packages.Get_TC_Single_User@7a6d7e92]" started-at="2024-03-07T16:33:04 IST" name="TestSetup" finished-at="2024-03-07T16:33:04 IST" duration-ms="2" status="PASS">
          <reporter-output>
          </reporter-output>
        </test-method> <!-- TestSetup -->
        <test-method signature="Executor()[pri:0, instance:Test_Packages.Get_TC_Single_User@7a6d7e92]" started-at="2024-03-07T16:33:19 IST" name="Executor" finished-at="2024-03-07T16:33:19 IST" duration-ms="238" status="PASS">
          <reporter-output>
          </reporter-output>
        </test-method> <!-- Executor -->
        <test-method is-config="true" signature="Test_TearDown()[pri:0, instance:Test_Packages.Get_TC_Single_User@7a6d7e92]" started-at="2024-03-07T16:33:35 IST" name="Test_TearDown" finished-at="2024-03-07T16:33:35 IST" duration-ms="2" status="PASS">
          <reporter-output>
          </reporter-output>
        </test-method> <!-- Test_TearDown -->
      </class> <!-- Test_Packages.Get_TC_Single_User -->
      <class name="Test_Packages.Post_TC6_Data_Provider">
        <test-method is-config="true" signature="TestSetup()[pri:0, instance:Test_Packages.Post_TC6_Data_Provider@210ab13f]" started-at="2024-03-07T16:33:04 IST" name="TestSetup" finished-at="2024-03-07T16:33:04 IST" duration-ms="2" status="PASS">
          <reporter-output>
          </reporter-output>
        </test-method> <!-- TestSetup -->
        <test-method signature="Executor(java.lang.String,java.lang.String)[pri:0, instance:Test_Packages.Post_TC6_Data_Provider@210ab13f]" started-at="2024-03-07T16:33:32 IST" name="Executor" data-provider="post_requestBody" finished-at="2024-03-07T16:33:33 IST" duration-ms="811" status="PASS">
          <params>
            <param index="0">
              <value>
                <![CDATA[ABC]]>
              </value>
            </param>
            <param index="1">
              <value>
                <![CDATA[000]]>
              </value>
            </param>
          </params>
          <reporter-output>
          </reporter-output>
        </test-method> <!-- Executor -->
        <test-method signature="Executor(java.lang.String,java.lang.String)[pri:0, instance:Test_Packages.Post_TC6_Data_Provider@210ab13f]" started-at="2024-03-07T16:33:33 IST" name="Executor" data-provider="post_requestBody" finished-at="2024-03-07T16:33:34 IST" duration-ms="816" status="PASS">
          <params>
            <param index="0">
              <value>
                <![CDATA[PQR]]>
              </value>
            </param>
            <param index="1">
              <value>
                <![CDATA[111]]>
              </value>
            </param>
          </params>
          <reporter-output>
          </reporter-output>
        </test-method> <!-- Executor -->
        <test-method signature="Executor(java.lang.String,java.lang.String)[pri:0, instance:Test_Packages.Post_TC6_Data_Provider@210ab13f]" started-at="2024-03-07T16:33:34 IST" name="Executor" data-provider="post_requestBody" finished-at="2024-03-07T16:33:35 IST" duration-ms="733" status="PASS">
          <params>
            <param index="0">
              <value>
                <![CDATA[XYZ]]>
              </value>
            </param>
            <param index="1">
              <value>
                <![CDATA[222]]>
              </value>
            </param>
          </params>
          <reporter-output>
          </reporter-output>
        </test-method> <!-- Executor -->
        <test-method is-config="true" signature="Test_TearDown()[pri:0, instance:Test_Packages.Post_TC6_Data_Provider@210ab13f]" started-at="2024-03-07T16:33:35 IST" name="Test_TearDown" finished-at="2024-03-07T16:33:35 IST" duration-ms="1" status="PASS">
          <reporter-output>
          </reporter-output>
        </test-method> <!-- Test_TearDown -->
      </class> <!-- Test_Packages.Post_TC6_Data_Provider -->
      <class name="Test_Packages.Get_TC5">
        <test-method is-config="true" signature="TestSetup()[pri:0, instance:Test_Packages.Get_TC5@6b09fb41]" started-at="2024-03-07T16:33:04 IST" name="TestSetup" finished-at="2024-03-07T16:33:04 IST" duration-ms="2" status="PASS">
          <reporter-output>
          </reporter-output>
        </test-method> <!-- TestSetup -->
        <test-method signature="Executor()[pri:0, instance:Test_Packages.Get_TC5@6b09fb41]" started-at="2024-03-07T16:33:21 IST" name="Executor" finished-at="2024-03-07T16:33:21 IST" duration-ms="257" status="PASS">
          <reporter-output>
          </reporter-output>
        </test-method> <!-- Executor -->
        <test-method is-config="true" signature="Test_TearDown()[pri:0, instance:Test_Packages.Get_TC5@6b09fb41]" started-at="2024-03-07T16:33:35 IST" name="Test_TearDown" finished-at="2024-03-07T16:33:35 IST" duration-ms="2" status="PASS">
          <reporter-output>
          </reporter-output>
        </test-method> <!-- Test_TearDown -->
      </class> <!-- Test_Packages.Get_TC5 -->
      <class name="Test_Packages.Patch_TC1">
        <test-method is-config="true" signature="TestSetup()[pri:0, instance:Test_Packages.Patch_TC1@60f00693]" started-at="2024-03-07T16:33:04 IST" name="TestSetup" finished-at="2024-03-07T16:33:04 IST" duration-ms="7" status="PASS">
          <reporter-output>
          </reporter-output>
        </test-method> <!-- TestSetup -->
        <test-method signature="Executor()[pri:0, instance:Test_Packages.Patch_TC1@60f00693]" started-at="2024-03-07T16:33:15 IST" name="Executor" finished-at="2024-03-07T16:33:16 IST" duration-ms="891" status="PASS">
          <reporter-output>
          </reporter-output>
        </test-method> <!-- Executor -->
        <test-method is-config="true" signature="Test_TearDown()[pri:0, instance:Test_Packages.Patch_TC1@60f00693]" started-at="2024-03-07T16:33:35 IST" name="Test_TearDown" finished-at="2024-03-07T16:33:35 IST" duration-ms="1" status="PASS">
          <reporter-output>
          </reporter-output>
        </test-method> <!-- Test_TearDown -->
      </class> <!-- Test_Packages.Patch_TC1 -->
      <class name="Test_Packages.Post_TC3">
        <test-method is-config="true" signature="TestSetup()[pri:0, instance:Test_Packages.Post_TC3@c05fddc]" started-at="2024-03-07T16:33:04 IST" name="TestSetup" finished-at="2024-03-07T16:33:04 IST" duration-ms="2" status="PASS">
          <reporter-output>
          </reporter-output>
        </test-method> <!-- TestSetup -->
        <test-method signature="Executor()[pri:0, instance:Test_Packages.Post_TC3@c05fddc]" started-at="2024-03-07T16:33:10 IST" name="Executor" description=":::Executing Post API &amp; Validationg Response Body::::::::::::::" finished-at="2024-03-07T16:33:11 IST" duration-ms="957" status="PASS">
          <reporter-output>
          </reporter-output>
        </test-method> <!-- Executor -->
        <test-method is-config="true" signature="Test_TearDown()[pri:0, instance:Test_Packages.Post_TC3@c05fddc]" started-at="2024-03-07T16:33:35 IST" name="Test_TearDown" finished-at="2024-03-07T16:33:35 IST" duration-ms="1" status="PASS">
          <reporter-output>
          </reporter-output>
        </test-method> <!-- Test_TearDown -->
      </class> <!-- Test_Packages.Post_TC3 -->
      <class name="Test_Packages.Get_TC4">
        <test-method is-config="true" signature="TestSetup()[pri:0, instance:Test_Packages.Get_TC4@16150369]" started-at="2024-03-07T16:33:04 IST" name="TestSetup" finished-at="2024-03-07T16:33:04 IST" duration-ms="17" status="PASS">
          <reporter-output>
          </reporter-output>
        </test-method> <!-- TestSetup -->
        <test-method signature="Executor()[pri:0, instance:Test_Packages.Get_TC4@16150369]" started-at="2024-03-07T16:33:21 IST" name="Executor" finished-at="2024-03-07T16:33:21 IST" duration-ms="322" status="PASS">
          <reporter-output>
          </reporter-output>
        </test-method> <!-- Executor -->
        <test-method is-config="true" signature="Test_TearDown()[pri:0, instance:Test_Packages.Get_TC4@16150369]" started-at="2024-03-07T16:33:35 IST" name="Test_TearDown" finished-at="2024-03-07T16:33:35 IST" duration-ms="1" status="PASS">
          <reporter-output>
          </reporter-output>
        </test-method> <!-- Test_TearDown -->
      </class> <!-- Test_Packages.Get_TC4 -->
      <class name="Test_Packages.Post_TC2">
        <test-method is-config="true" signature="TestSetup()[pri:0, instance:Test_Packages.Post_TC2@7e990ed7]" started-at="2024-03-07T16:33:04 IST" name="TestSetup" finished-at="2024-03-07T16:33:04 IST" duration-ms="2" status="PASS">
          <reporter-output>
          </reporter-output>
        </test-method> <!-- TestSetup -->
        <test-method signature="Executor()[pri:0, instance:Test_Packages.Post_TC2@7e990ed7]" started-at="2024-03-07T16:33:09 IST" name="Executor" finished-at="2024-03-07T16:33:10 IST" duration-ms="961" status="PASS">
          <reporter-output>
          </reporter-output>
        </test-method> <!-- Executor -->
        <test-method is-config="true" signature="Test_TearDown()[pri:0, instance:Test_Packages.Post_TC2@7e990ed7]" started-at="2024-03-07T16:33:35 IST" name="Test_TearDown" finished-at="2024-03-07T16:33:35 IST" duration-ms="3" status="PASS">
          <reporter-output>
          </reporter-output>
        </test-method> <!-- Test_TearDown -->
      </class> <!-- Test_Packages.Post_TC2 -->
      <class name="Test_Packages.DD_Put_TC1">
        <test-method is-config="true" signature="TestSetup()[pri:0, instance:Test_Packages.DD_Put_TC1@34bde49d]" started-at="2024-03-07T16:33:04 IST" name="TestSetup" finished-at="2024-03-07T16:33:04 IST" duration-ms="4" status="PASS">
          <reporter-output>
          </reporter-output>
        </test-method> <!-- TestSetup -->
        <test-method signature="Executor()[pri:0, instance:Test_Packages.DD_Put_TC1@34bde49d]" started-at="2024-03-07T16:33:26 IST" name="Executor" finished-at="2024-03-07T16:33:27 IST" duration-ms="889" status="PASS">
          <reporter-output>
          </reporter-output>
        </test-method> <!-- Executor -->
        <test-method is-config="true" signature="Test_TearDown()[pri:0, instance:Test_Packages.DD_Put_TC1@34bde49d]" started-at="2024-03-07T16:33:35 IST" name="Test_TearDown" finished-at="2024-03-07T16:33:35 IST" duration-ms="1" status="PASS">
          <reporter-output>
          </reporter-output>
        </test-method> <!-- Test_TearDown -->
      </class> <!-- Test_Packages.DD_Put_TC1 -->
      <class name="Test_Packages.Post_TC4">
        <test-method is-config="true" signature="TestSetup()[pri:0, instance:Test_Packages.Post_TC4@25df00a0]" started-at="2024-03-07T16:33:04 IST" name="TestSetup" finished-at="2024-03-07T16:33:04 IST" duration-ms="2" status="PASS">
          <reporter-output>
          </reporter-output>
        </test-method> <!-- TestSetup -->
        <test-method signature="Executor()[pri:0, instance:Test_Packages.Post_TC4@25df00a0]" started-at="2024-03-07T16:33:11 IST" name="Executor" description=":::Executing Post API &amp; Validationg Response Body::::::::::::::" finished-at="2024-03-07T16:33:12 IST" duration-ms="887" status="PASS">
          <reporter-output>
          </reporter-output>
        </test-method> <!-- Executor -->
        <test-method is-config="true" signature="Test_TearDown()[pri:0, instance:Test_Packages.Post_TC4@25df00a0]" started-at="2024-03-07T16:33:35 IST" name="Test_TearDown" finished-at="2024-03-07T16:33:35 IST" duration-ms="1" status="PASS">
          <reporter-output>
          </reporter-output>
        </test-method> <!-- Test_TearDown -->
      </class> <!-- Test_Packages.Post_TC4 -->
      <class name="Test_Packages.Delete_TC">
        <test-method is-config="true" signature="TestSetup()[pri:0, instance:Test_Packages.Delete_TC@20b2475a]" started-at="2024-03-07T16:33:04 IST" name="TestSetup" finished-at="2024-03-07T16:33:04 IST" duration-ms="4" status="PASS">
          <reporter-output>
          </reporter-output>
        </test-method> <!-- TestSetup -->
        <test-method signature="Executor()[pri:0, instance:Test_Packages.Delete_TC@20b2475a]" started-at="2024-03-07T16:33:35 IST" name="Executor" finished-at="2024-03-07T16:33:35 IST" duration-ms="388" status="PASS">
          <reporter-output>
          </reporter-output>
        </test-method> <!-- Executor -->
        <test-method is-config="true" signature="Test_TearDown()[pri:0, instance:Test_Packages.Delete_TC@20b2475a]" started-at="2024-03-07T16:33:35 IST" name="Test_TearDown" finished-at="2024-03-07T16:33:35 IST" duration-ms="1" status="PASS">
          <reporter-output>
          </reporter-output>
        </test-method> <!-- Test_TearDown -->
      </class> <!-- Test_Packages.Delete_TC -->
      <class name="Test_Packages.DD_Put_TC2">
        <test-method is-config="true" signature="TestSetup()[pri:0, instance:Test_Packages.DD_Put_TC2@1b1cfb87]" started-at="2024-03-07T16:33:04 IST" name="TestSetup" finished-at="2024-03-07T16:33:04 IST" duration-ms="3" status="PASS">
          <reporter-output>
          </reporter-output>
        </test-method> <!-- TestSetup -->
        <test-method signature="Executor()[pri:0, instance:Test_Packages.DD_Put_TC2@1b1cfb87]" started-at="2024-03-07T16:33:27 IST" name="Executor" finished-at="2024-03-07T16:33:28 IST" duration-ms="835" status="PASS">
          <reporter-output>
          </reporter-output>
        </test-method> <!-- Executor -->
        <test-method is-config="true" signature="Test_TearDown()[pri:0, instance:Test_Packages.DD_Put_TC2@1b1cfb87]" started-at="2024-03-07T16:33:35 IST" name="Test_TearDown" finished-at="2024-03-07T16:33:35 IST" duration-ms="1" status="PASS">
          <reporter-output>
          </reporter-output>
        </test-method> <!-- Test_TearDown -->
      </class> <!-- Test_Packages.DD_Put_TC2 -->
      <class name="Test_Packages.Get_TC1">
        <test-method is-config="true" signature="TestSetup()[pri:0, instance:Test_Packages.Get_TC1@97e93f1]" started-at="2024-03-07T16:33:04 IST" name="TestSetup" finished-at="2024-03-07T16:33:04 IST" duration-ms="3" status="PASS">
          <reporter-output>
          </reporter-output>
        </test-method> <!-- TestSetup -->
        <test-method signature="Executor()[pri:0, instance:Test_Packages.Get_TC1@97e93f1]" started-at="2024-03-07T16:33:19 IST" name="Executor" finished-at="2024-03-07T16:33:20 IST" duration-ms="433" status="PASS">
          <reporter-output>
          </reporter-output>
        </test-method> <!-- Executor -->
        <test-method is-config="true" signature="Test_TearDown()[pri:0, instance:Test_Packages.Get_TC1@97e93f1]" started-at="2024-03-07T16:33:35 IST" name="Test_TearDown" finished-at="2024-03-07T16:33:35 IST" duration-ms="2" status="PASS">
          <reporter-output>
          </reporter-output>
        </test-method> <!-- Test_TearDown -->
      </class> <!-- Test_Packages.Get_TC1 -->
      <class name="Test_Packages.DD_Put_TC3">
        <test-method is-config="true" signature="TestSetup()[pri:0, instance:Test_Packages.DD_Put_TC3@821330f]" started-at="2024-03-07T16:33:04 IST" name="TestSetup" finished-at="2024-03-07T16:33:04 IST" duration-ms="3" status="PASS">
          <reporter-output>
          </reporter-output>
        </test-method> <!-- TestSetup -->
        <test-method signature="Executor()[pri:0, instance:Test_Packages.DD_Put_TC3@821330f]" started-at="2024-03-07T16:33:28 IST" name="Executor" finished-at="2024-03-07T16:33:29 IST" duration-ms="931" status="PASS">
          <reporter-output>
          </reporter-output>
        </test-method> <!-- Executor -->
        <test-method is-config="true" signature="Test_TearDown()[pri:0, instance:Test_Packages.DD_Put_TC3@821330f]" started-at="2024-03-07T16:33:35 IST" name="Test_TearDown" finished-at="2024-03-07T16:33:35 IST" duration-ms="1" status="PASS">
          <reporter-output>
          </reporter-output>
        </test-method> <!-- Test_TearDown -->
      </class> <!-- Test_Packages.DD_Put_TC3 -->
      <class name="Test_Packages.Patch_TC4">
        <test-method is-config="true" signature="TestSetup()[pri:0, instance:Test_Packages.Patch_TC4@1a4927d6]" started-at="2024-03-07T16:33:04 IST" name="TestSetup" finished-at="2024-03-07T16:33:04 IST" duration-ms="3" status="PASS">
          <reporter-output>
          </reporter-output>
        </test-method> <!-- TestSetup -->
        <test-method signature="Executor()[pri:0, instance:Test_Packages.Patch_TC4@1a4927d6]" started-at="2024-03-07T16:33:18 IST" name="Executor" finished-at="2024-03-07T16:33:19 IST" duration-ms="773" status="PASS">
          <reporter-output>
          </reporter-output>
        </test-method> <!-- Executor -->
        <test-method is-config="true" signature="Test_TearDown()[pri:0, instance:Test_Packages.Patch_TC4@1a4927d6]" started-at="2024-03-07T16:33:35 IST" name="Test_TearDown" finished-at="2024-03-07T16:33:35 IST" duration-ms="2" status="PASS">
          <reporter-output>
          </reporter-output>
        </test-method> <!-- Test_TearDown -->
      </class> <!-- Test_Packages.Patch_TC4 -->
      <class name="Test_Packages.DD_Put_TC4">
        <test-method is-config="true" signature="TestSetup()[pri:0, instance:Test_Packages.DD_Put_TC4@6f43c82]" started-at="2024-03-07T16:33:04 IST" name="TestSetup" finished-at="2024-03-07T16:33:04 IST" duration-ms="3" status="PASS">
          <reporter-output>
          </reporter-output>
        </test-method> <!-- TestSetup -->
        <test-method signature="Executor()[pri:0, instance:Test_Packages.DD_Put_TC4@6f43c82]" started-at="2024-03-07T16:33:29 IST" name="Executor" finished-at="2024-03-07T16:33:30 IST" duration-ms="865" status="PASS">
          <reporter-output>
          </reporter-output>
        </test-method> <!-- Executor -->
        <test-method is-config="true" signature="Test_TearDown()[pri:0, instance:Test_Packages.DD_Put_TC4@6f43c82]" started-at="2024-03-07T16:33:35 IST" name="Test_TearDown" finished-at="2024-03-07T16:33:35 IST" duration-ms="1" status="PASS">
          <reporter-output>
          </reporter-output>
        </test-method> <!-- Test_TearDown -->
      </class> <!-- Test_Packages.DD_Put_TC4 -->
      <class name="Test_Packages.Get_TC3">
        <test-method is-config="true" signature="TestSetup()[pri:0, instance:Test_Packages.Get_TC3@4b520ea8]" started-at="2024-03-07T16:33:04 IST" name="TestSetup" finished-at="2024-03-07T16:33:04 IST" duration-ms="4" status="PASS">
          <reporter-output>
          </reporter-output>
        </test-method> <!-- TestSetup -->
        <test-method signature="Executor()[pri:0, instance:Test_Packages.Get_TC3@4b520ea8]" started-at="2024-03-07T16:33:20 IST" name="Executor" finished-at="2024-03-07T16:33:21 IST" duration-ms="355" status="PASS">
          <reporter-output>
          </reporter-output>
        </test-method> <!-- Executor -->
        <test-method is-config="true" signature="Test_TearDown()[pri:0, instance:Test_Packages.Get_TC3@4b520ea8]" started-at="2024-03-07T16:33:35 IST" name="Test_TearDown" finished-at="2024-03-07T16:33:35 IST" duration-ms="2" status="PASS">
          <reporter-output>
          </reporter-output>
        </test-method> <!-- Test_TearDown -->
      </class> <!-- Test_Packages.Get_TC3 -->
      <class name="Test_Packages.Patch_TC3">
        <test-method is-config="true" signature="TestSetup()[pri:0, instance:Test_Packages.Patch_TC3@491b9b8]" started-at="2024-03-07T16:33:04 IST" name="TestSetup" finished-at="2024-03-07T16:33:04 IST" duration-ms="2" status="PASS">
          <reporter-output>
          </reporter-output>
        </test-method> <!-- TestSetup -->
        <test-method signature="Executor()[pri:0, instance:Test_Packages.Patch_TC3@491b9b8]" started-at="2024-03-07T16:33:17 IST" name="Executor" finished-at="2024-03-07T16:33:18 IST" duration-ms="842" status="PASS">
          <reporter-output>
          </reporter-output>
        </test-method> <!-- Executor -->
        <test-method is-config="true" signature="Test_TearDown()[pri:0, instance:Test_Packages.Patch_TC3@491b9b8]" started-at="2024-03-07T16:33:35 IST" name="Test_TearDown" finished-at="2024-03-07T16:33:35 IST" duration-ms="2" status="PASS">
          <reporter-output>
          </reporter-output>
        </test-method> <!-- Test_TearDown -->
      </class> <!-- Test_Packages.Patch_TC3 -->
      <class name="Test_Packages.Post_TC1">
        <test-method is-config="true" signature="TestSetup()[pri:0, instance:Test_Packages.Post_TC1@3feb2dda]" started-at="2024-03-07T16:33:04 IST" name="TestSetup" finished-at="2024-03-07T16:33:04 IST" duration-ms="4" status="PASS">
          <reporter-output>
          </reporter-output>
        </test-method> <!-- TestSetup -->
        <test-method signature="Executor()[pri:0, instance:Test_Packages.Post_TC1@3feb2dda]" started-at="2024-03-07T16:33:04 IST" name="Executor" finished-at="2024-03-07T16:33:09 IST" duration-ms="4890" status="PASS">
          <reporter-output>
          </reporter-output>
        </test-method> <!-- Executor -->
        <test-method is-config="true" signature="Test_TearDown()[pri:0, instance:Test_Packages.Post_TC1@3feb2dda]" started-at="2024-03-07T16:33:35 IST" name="Test_TearDown" finished-at="2024-03-07T16:33:35 IST" duration-ms="3" status="PASS">
          <reporter-output>
          </reporter-output>
        </test-method> <!-- Test_TearDown -->
      </class> <!-- Test_Packages.Post_TC1 -->
      <class name="Test_Packages.Get_TC2">
        <test-method is-config="true" signature="TestSetup()[pri:0, instance:Test_Packages.Get_TC2@5a5a729f]" started-at="2024-03-07T16:33:04 IST" name="TestSetup" finished-at="2024-03-07T16:33:04 IST" duration-ms="2" status="PASS">
          <reporter-output>
          </reporter-output>
        </test-method> <!-- TestSetup -->
        <test-method signature="Executor()[pri:0, instance:Test_Packages.Get_TC2@5a5a729f]" started-at="2024-03-07T16:33:20 IST" name="Executor" finished-at="2024-03-07T16:33:20 IST" duration-ms="357" status="PASS">
          <reporter-output>
          </reporter-output>
        </test-method> <!-- Executor -->
        <test-method is-config="true" signature="Test_TearDown()[pri:0, instance:Test_Packages.Get_TC2@5a5a729f]" started-at="2024-03-07T16:33:35 IST" name="Test_TearDown" finished-at="2024-03-07T16:33:35 IST" duration-ms="1" status="PASS">
          <reporter-output>
          </reporter-output>
        </test-method> <!-- Test_TearDown -->
      </class> <!-- Test_Packages.Get_TC2 -->
      <class name="Test_Packages.Patch_TC2">
        <test-method is-config="true" signature="TestSetup()[pri:0, instance:Test_Packages.Patch_TC2@79207381]" started-at="2024-03-07T16:33:04 IST" name="TestSetup" finished-at="2024-03-07T16:33:04 IST" duration-ms="3" status="PASS">
          <reporter-output>
          </reporter-output>
        </test-method> <!-- TestSetup -->
        <test-method signature="Executor()[pri:0, instance:Test_Packages.Patch_TC2@79207381]" started-at="2024-03-07T16:33:16 IST" name="Executor" finished-at="2024-03-07T16:33:17 IST" duration-ms="874" status="PASS">
          <reporter-output>
          </reporter-output>
        </test-method> <!-- Executor -->
        <test-method is-config="true" signature="Test_TearDown()[pri:0, instance:Test_Packages.Patch_TC2@79207381]" started-at="2024-03-07T16:33:35 IST" name="Test_TearDown" finished-at="2024-03-07T16:33:35 IST" duration-ms="3" status="PASS">
          <reporter-output>
          </reporter-output>
        </test-method> <!-- Test_TearDown -->
      </class> <!-- Test_Packages.Patch_TC2 -->
      <class name="Test_Packages.DD_Post_TC1">
        <test-method is-config="true" signature="TestSetup()[pri:0, instance:Test_Packages.DD_Post_TC1@624ea235]" started-at="2024-03-07T16:33:04 IST" name="TestSetup" finished-at="2024-03-07T16:33:04 IST" duration-ms="33" status="PASS">
          <reporter-output>
          </reporter-output>
        </test-method> <!-- TestSetup -->
        <test-method signature="Executor()[pri:0, instance:Test_Packages.DD_Post_TC1@624ea235]" started-at="2024-03-07T16:33:21 IST" name="Executor" finished-at="2024-03-07T16:33:23 IST" duration-ms="2103" status="PASS">
          <reporter-output>
          </reporter-output>
        </test-method> <!-- Executor -->
        <test-method is-config="true" signature="Test_TearDown()[pri:0, instance:Test_Packages.DD_Post_TC1@624ea235]" started-at="2024-03-07T16:33:35 IST" name="Test_TearDown" finished-at="2024-03-07T16:33:35 IST" duration-ms="4" status="PASS">
          <reporter-output>
          </reporter-output>
        </test-method> <!-- Test_TearDown -->
      </class> <!-- Test_Packages.DD_Post_TC1 -->
      <class name="Test_Packages.DD_Post_TC2">
        <test-method is-config="true" signature="TestSetup()[pri:0, instance:Test_Packages.DD_Post_TC2@3932c79a]" started-at="2024-03-07T16:33:04 IST" name="TestSetup" finished-at="2024-03-07T16:33:04 IST" duration-ms="2" status="PASS">
          <reporter-output>
          </reporter-output>
        </test-method> <!-- TestSetup -->
        <test-method signature="Executor()[pri:0, instance:Test_Packages.DD_Post_TC2@3932c79a]" started-at="2024-03-07T16:33:23 IST" name="Executor" finished-at="2024-03-07T16:33:24 IST" duration-ms="961" status="PASS">
          <reporter-output>
          </reporter-output>
        </test-method> <!-- Executor -->
        <test-method is-config="true" signature="Test_TearDown()[pri:0, instance:Test_Packages.DD_Post_TC2@3932c79a]" started-at="2024-03-07T16:33:35 IST" name="Test_TearDown" finished-at="2024-03-07T16:33:35 IST" duration-ms="1" status="PASS">
          <reporter-output>
          </reporter-output>
        </test-method> <!-- Test_TearDown -->
      </class> <!-- Test_Packages.DD_Post_TC2 -->
      <class name="Test_Packages.DD_Post_TC3">
        <test-method is-config="true" signature="TestSetup()[pri:0, instance:Test_Packages.DD_Post_TC3@782859e]" started-at="2024-03-07T16:33:04 IST" name="TestSetup" finished-at="2024-03-07T16:33:04 IST" duration-ms="2" status="PASS">
          <reporter-output>
          </reporter-output>
        </test-method> <!-- TestSetup -->
        <test-method signature="Executor()[pri:0, instance:Test_Packages.DD_Post_TC3@782859e]" started-at="2024-03-07T16:33:24 IST" name="Executor" finished-at="2024-03-07T16:33:25 IST" duration-ms="964" status="PASS">
          <reporter-output>
          </reporter-output>
        </test-method> <!-- Executor -->
        <test-method is-config="true" signature="Test_TearDown()[pri:0, instance:Test_Packages.DD_Post_TC3@782859e]" started-at="2024-03-07T16:33:35 IST" name="Test_TearDown" finished-at="2024-03-07T16:33:35 IST" duration-ms="2" status="PASS">
          <reporter-output>
          </reporter-output>
        </test-method> <!-- Test_TearDown -->
      </class> <!-- Test_Packages.DD_Post_TC3 -->
      <class name="Test_Packages.Post_TC5_Data_Provider">
        <test-method is-config="true" signature="TestSetup()[pri:0, instance:Test_Packages.Post_TC5_Data_Provider@5db6b9cd]" started-at="2024-03-07T16:33:04 IST" name="TestSetup" finished-at="2024-03-07T16:33:04 IST" duration-ms="1" status="PASS">
          <reporter-output>
          </reporter-output>
        </test-method> <!-- TestSetup -->
        <test-method signature="Executor(java.lang.String,java.lang.String)[pri:0, instance:Test_Packages.Post_TC5_Data_Provider@5db6b9cd]" started-at="2024-03-07T16:33:30 IST" name="Executor" data-provider="post_requestBody" finished-at="2024-03-07T16:33:30 IST" duration-ms="830" status="PASS">
          <params>
            <param index="0">
              <value>
                <![CDATA[morpheus]]>
              </value>
            </param>
            <param index="1">
              <value>
                <![CDATA[leader]]>
              </value>
            </param>
          </params>
          <reporter-output>
          </reporter-output>
        </test-method> <!-- Executor -->
        <test-method signature="Executor(java.lang.String,java.lang.String)[pri:0, instance:Test_Packages.Post_TC5_Data_Provider@5db6b9cd]" started-at="2024-03-07T16:33:30 IST" name="Executor" data-provider="post_requestBody" finished-at="2024-03-07T16:33:31 IST" duration-ms="800" status="PASS">
          <params>
            <param index="0">
              <value>
                <![CDATA[Aadil]]>
              </value>
            </param>
            <param index="1">
              <value>
                <![CDATA[QA]]>
              </value>
            </param>
          </params>
          <reporter-output>
          </reporter-output>
        </test-method> <!-- Executor -->
        <test-method signature="Executor(java.lang.String,java.lang.String)[pri:0, instance:Test_Packages.Post_TC5_Data_Provider@5db6b9cd]" started-at="2024-03-07T16:33:31 IST" name="Executor" data-provider="post_requestBody" finished-at="2024-03-07T16:33:32 IST" duration-ms="855" status="PASS">
          <params>
            <param index="0">
              <value>
                <![CDATA[XYZ]]>
              </value>
            </param>
            <param index="1">
              <value>
                <![CDATA[Manager]]>
              </value>
            </param>
          </params>
          <reporter-output>
          </reporter-output>
        </test-method> <!-- Executor -->
        <test-method is-config="true" signature="Test_TearDown()[pri:0, instance:Test_Packages.Post_TC5_Data_Provider@5db6b9cd]" started-at="2024-03-07T16:33:35 IST" name="Test_TearDown" finished-at="2024-03-07T16:33:35 IST" duration-ms="2" status="PASS">
          <reporter-output>
          </reporter-output>
        </test-method> <!-- Test_TearDown -->
      </class> <!-- Test_Packages.Post_TC5_Data_Provider -->
      <class name="Test_Packages.DD_Post_TC4">
        <test-method is-config="true" signature="TestSetup()[pri:0, instance:Test_Packages.DD_Post_TC4@23f5b5dc]" started-at="2024-03-07T16:33:04 IST" name="TestSetup" finished-at="2024-03-07T16:33:04 IST" duration-ms="4" status="PASS">
          <reporter-output>
          </reporter-output>
        </test-method> <!-- TestSetup -->
        <test-method signature="Executor()[pri:0, instance:Test_Packages.DD_Post_TC4@23f5b5dc]" started-at="2024-03-07T16:33:25 IST" name="Executor" finished-at="2024-03-07T16:33:26 IST" duration-ms="875" status="PASS">
          <reporter-output>
          </reporter-output>
        </test-method> <!-- Executor -->
        <test-method is-config="true" signature="Test_TearDown()[pri:0, instance:Test_Packages.DD_Post_TC4@23f5b5dc]" started-at="2024-03-07T16:33:35 IST" name="Test_TearDown" finished-at="2024-03-07T16:33:35 IST" duration-ms="1" status="PASS">
          <reporter-output>
          </reporter-output>
        </test-method> <!-- Test_TearDown -->
      </class> <!-- Test_Packages.DD_Post_TC4 -->
      <class name="Test_Packages.Get_TC_list">
        <test-method is-config="true" signature="TestSetup()[pri:0, instance:Test_Packages.Get_TC_list@aba625]" started-at="2024-03-07T16:33:04 IST" name="TestSetup" finished-at="2024-03-07T16:33:04 IST" duration-ms="4" status="PASS">
          <reporter-output>
          </reporter-output>
        </test-method> <!-- TestSetup -->
        <test-method signature="Executor()[pri:0, instance:Test_Packages.Get_TC_list@aba625]" started-at="2024-03-07T16:33:19 IST" name="Executor" finished-at="2024-03-07T16:33:19 IST" duration-ms="331" status="PASS">
          <reporter-output>
          </reporter-output>
        </test-method> <!-- Executor -->
        <test-method is-config="true" signature="Test_TearDown()[pri:0, instance:Test_Packages.Get_TC_list@aba625]" started-at="2024-03-07T16:33:35 IST" name="Test_TearDown" finished-at="2024-03-07T16:33:35 IST" duration-ms="2" status="PASS">
          <reporter-output>
          </reporter-output>
        </test-method> <!-- Test_TearDown -->
      </class> <!-- Test_Packages.Get_TC_list -->
      <class name="Test_Packages.Put_TC1">
        <test-method is-config="true" signature="TestSetup()[pri:0, instance:Test_Packages.Put_TC1@4d15107f]" started-at="2024-03-07T16:33:04 IST" name="TestSetup" finished-at="2024-03-07T16:33:04 IST" duration-ms="1" status="PASS">
          <reporter-output>
          </reporter-output>
        </test-method> <!-- TestSetup -->
        <test-method signature="Executor()[pri:0, instance:Test_Packages.Put_TC1@4d15107f]" started-at="2024-03-07T16:33:12 IST" name="Executor" finished-at="2024-03-07T16:33:13 IST" duration-ms="862" status="PASS">
          <reporter-output>
          </reporter-output>
        </test-method> <!-- Executor -->
        <test-method is-config="true" signature="Test_TearDown()[pri:0, instance:Test_Packages.Put_TC1@4d15107f]" started-at="2024-03-07T16:33:35 IST" name="Test_TearDown" finished-at="2024-03-07T16:33:35 IST" duration-ms="1" status="PASS">
          <reporter-output>
          </reporter-output>
        </test-method> <!-- Test_TearDown -->
      </class> <!-- Test_Packages.Put_TC1 -->
      <class name="Test_Packages.Put_TC2">
        <test-method is-config="true" signature="TestSetup()[pri:0, instance:Test_Packages.Put_TC2@7b4c50bc]" started-at="2024-03-07T16:33:04 IST" name="TestSetup" finished-at="2024-03-07T16:33:04 IST" duration-ms="2" status="PASS">
          <reporter-output>
          </reporter-output>
        </test-method> <!-- TestSetup -->
        <test-method signature="Executor()[pri:0, instance:Test_Packages.Put_TC2@7b4c50bc]" started-at="2024-03-07T16:33:13 IST" name="Executor" finished-at="2024-03-07T16:33:14 IST" duration-ms="889" status="PASS">
          <reporter-output>
          </reporter-output>
        </test-method> <!-- Executor -->
        <test-method is-config="true" signature="Test_TearDown()[pri:0, instance:Test_Packages.Put_TC2@7b4c50bc]" started-at="2024-03-07T16:33:35 IST" name="Test_TearDown" finished-at="2024-03-07T16:33:35 IST" duration-ms="4" status="PASS">
          <reporter-output>
          </reporter-output>
        </test-method> <!-- Test_TearDown -->
      </class> <!-- Test_Packages.Put_TC2 -->
    </test> <!-- Test Master Suit -->
  </suite> <!-- Suite -->
</testng-results>
